{"/home/ned/Documents/Politico-latest/server/app.js":{"path":"/home/ned/Documents/Politico-latest/server/app.js","statementMap":{"0":{"start":{"line":3,"column":29},"end":{"line":3,"column":84}},"1":{"start":{"line":5,"column":0},"end":{"line":7,"column":3}},"2":{"start":{"line":8,"column":0},"end":{"line":8,"column":25}},"3":{"start":{"line":10,"column":15},"end":{"line":10,"column":57}},"4":{"start":{"line":12,"column":18},"end":{"line":12,"column":64}},"5":{"start":{"line":14,"column":13},"end":{"line":14,"column":53}},"6":{"start":{"line":16,"column":14},"end":{"line":16,"column":55}},"7":{"start":{"line":18,"column":24},"end":{"line":18,"column":76}},"8":{"start":{"line":20,"column":14},"end":{"line":20,"column":57}},"9":{"start":{"line":22,"column":10},"end":{"line":22,"column":33}},"10":{"start":{"line":23,"column":13},"end":{"line":23,"column":39}},"11":{"start":{"line":24,"column":11},"end":{"line":24,"column":35}},"12":{"start":{"line":25,"column":0},"end":{"line":25,"column":42}},"13":{"start":{"line":26,"column":0},"end":{"line":26,"column":38}},"14":{"start":{"line":27,"column":0},"end":{"line":27,"column":36}},"15":{"start":{"line":28,"column":0},"end":{"line":30,"column":4}},"16":{"start":{"line":31,"column":0},"end":{"line":31,"column":25}},"17":{"start":{"line":32,"column":0},"end":{"line":34,"column":3}},"18":{"start":{"line":33,"column":2},"end":{"line":33,"column":46}},"19":{"start":{"line":35,"column":15},"end":{"line":35,"column":18}},"20":{"start":{"line":36,"column":0},"end":{"line":36,"column":27}}},"fnMap":{"0":{"name":"(anonymous_0)","decl":{"start":{"line":32,"column":17},"end":{"line":32,"column":18}},"loc":{"start":{"line":32,"column":29},"end":{"line":34,"column":1}},"line":32}},"branchMap":{"0":{"loc":{"start":{"line":24,"column":11},"end":{"line":24,"column":35}},"type":"binary-expr","locations":[{"start":{"line":24,"column":11},"end":{"line":24,"column":27}},{"start":{"line":24,"column":31},"end":{"line":24,"column":35}}],"line":24}},"s":{"0":1,"1":1,"2":1,"3":1,"4":1,"5":1,"6":1,"7":1,"8":1,"9":1,"10":1,"11":1,"12":1,"13":1,"14":1,"15":1,"16":1,"17":1,"18":1,"19":1,"20":1},"f":{"0":1},"b":{"0":[1,1]},"_coverageSchema":"43e27e138ebf9cfc5966b082cf9a028302ed4184","hash":"490c16d636aacf95f7ecb1e1ff2fc6efa9c28839","contentHash":"9dd44332572a2ddeb6ef158cf015648b"},"/home/ned/Documents/Politico-latest/server/routes/index.js":{"path":"/home/ned/Documents/Politico-latest/server/routes/index.js","statementMap":{"0":{"start":{"line":3,"column":29},"end":{"line":3,"column":84}},"1":{"start":{"line":5,"column":0},"end":{"line":7,"column":3}},"2":{"start":{"line":8,"column":0},"end":{"line":8,"column":25}},"3":{"start":{"line":10,"column":15},"end":{"line":10,"column":57}},"4":{"start":{"line":12,"column":23},"end":{"line":12,"column":88}},"5":{"start":{"line":14,"column":22},"end":{"line":14,"column":86}},"6":{"start":{"line":16,"column":21},"end":{"line":16,"column":84}},"7":{"start":{"line":18,"column":22},"end":{"line":18,"column":86}},"8":{"start":{"line":20,"column":24},"end":{"line":20,"column":90}},"9":{"start":{"line":22,"column":24},"end":{"line":22,"column":90}},"10":{"start":{"line":24,"column":23},"end":{"line":24,"column":88}},"11":{"start":{"line":26,"column":22},"end":{"line":26,"column":86}},"12":{"start":{"line":28,"column":13},"end":{"line":28,"column":38}},"13":{"start":{"line":30,"column":20},"end":{"line":30,"column":57}},"14":{"start":{"line":31,"column":16},"end":{"line":31,"column":49}},"15":{"start":{"line":32,"column":21},"end":{"line":32,"column":58}},"16":{"start":{"line":33,"column":17},"end":{"line":33,"column":50}},"17":{"start":{"line":34,"column":20},"end":{"line":34,"column":56}},"18":{"start":{"line":35,"column":14},"end":{"line":35,"column":44}},"19":{"start":{"line":36,"column":17},"end":{"line":36,"column":50}},"20":{"start":{"line":37,"column":20},"end":{"line":37,"column":56}},"21":{"start":{"line":38,"column":28},"end":{"line":38,"column":75}},"22":{"start":{"line":39,"column":24},"end":{"line":39,"column":67}},"23":{"start":{"line":40,"column":26},"end":{"line":40,"column":71}},"24":{"start":{"line":41,"column":19},"end":{"line":41,"column":57}},"25":{"start":{"line":42,"column":20},"end":{"line":42,"column":59}},"26":{"start":{"line":43,"column":17},"end":{"line":43,"column":53}},"27":{"start":{"line":44,"column":27},"end":{"line":44,"column":71}},"28":{"start":{"line":45,"column":20},"end":{"line":45,"column":57}},"29":{"start":{"line":46,"column":18},"end":{"line":46,"column":53}},"30":{"start":{"line":47,"column":18},"end":{"line":47,"column":53}},"31":{"start":{"line":48,"column":25},"end":{"line":48,"column":67}},"32":{"start":{"line":49,"column":18},"end":{"line":49,"column":54}},"33":{"start":{"line":50,"column":16},"end":{"line":50,"column":50}},"34":{"start":{"line":51,"column":17},"end":{"line":51,"column":52}},"35":{"start":{"line":52,"column":18},"end":{"line":52,"column":54}},"36":{"start":{"line":53,"column":16},"end":{"line":53,"column":50}},"37":{"start":{"line":54,"column":24},"end":{"line":54,"column":66}},"38":{"start":{"line":55,"column":11},"end":{"line":55,"column":40}},"39":{"start":{"line":56,"column":24},"end":{"line":56,"column":66}},"40":{"start":{"line":57,"column":23},"end":{"line":57,"column":64}},"41":{"start":{"line":58,"column":24},"end":{"line":58,"column":65}},"42":{"start":{"line":59,"column":26},"end":{"line":59,"column":69}},"43":{"start":{"line":60,"column":24},"end":{"line":60,"column":65}},"44":{"start":{"line":61,"column":21},"end":{"line":61,"column":59}},"45":{"start":{"line":62,"column":26},"end":{"line":62,"column":69}},"46":{"start":{"line":63,"column":29},"end":{"line":63,"column":75}},"47":{"start":{"line":64,"column":19},"end":{"line":64,"column":55}},"48":{"start":{"line":65,"column":23},"end":{"line":65,"column":63}},"49":{"start":{"line":66,"column":0},"end":{"line":68,"column":3}},"50":{"start":{"line":67,"column":2},"end":{"line":67,"column":34}},"51":{"start":{"line":71,"column":15},"end":{"line":71,"column":32}},"52":{"start":{"line":72,"column":0},"end":{"line":72,"column":79}},"53":{"start":{"line":73,"column":0},"end":{"line":73,"column":71}},"54":{"start":{"line":74,"column":0},"end":{"line":74,"column":98}},"55":{"start":{"line":75,"column":0},"end":{"line":75,"column":115}},"56":{"start":{"line":76,"column":0},"end":{"line":76,"column":33}},"57":{"start":{"line":81,"column":16},"end":{"line":81,"column":33}},"58":{"start":{"line":82,"column":0},"end":{"line":82,"column":88}},"59":{"start":{"line":83,"column":0},"end":{"line":83,"column":37}},"60":{"start":{"line":84,"column":0},"end":{"line":84,"column":80}},"61":{"start":{"line":89,"column":18},"end":{"line":89,"column":32}},"62":{"start":{"line":90,"column":0},"end":{"line":90,"column":105}},"63":{"start":{"line":91,"column":0},"end":{"line":91,"column":72}},"64":{"start":{"line":94,"column":0},"end":{"line":94,"column":150}},"65":{"start":{"line":99,"column":0},"end":{"line":99,"column":126}},"66":{"start":{"line":100,"column":0},"end":{"line":100,"column":104}},"67":{"start":{"line":101,"column":0},"end":{"line":101,"column":51}},"68":{"start":{"line":104,"column":15},"end":{"line":104,"column":21}},"69":{"start":{"line":105,"column":0},"end":{"line":105,"column":27}}},"fnMap":{"0":{"name":"(anonymous_0)","decl":{"start":{"line":66,"column":16},"end":{"line":66,"column":17}},"loc":{"start":{"line":66,"column":36},"end":{"line":68,"column":1}},"line":66}},"branchMap":{},"s":{"0":1,"1":1,"2":1,"3":1,"4":1,"5":1,"6":1,"7":1,"8":1,"9":1,"10":1,"11":1,"12":1,"13":1,"14":1,"15":1,"16":1,"17":1,"18":1,"19":1,"20":1,"21":1,"22":1,"23":1,"24":1,"25":1,"26":1,"27":1,"28":1,"29":1,"30":1,"31":1,"32":1,"33":1,"34":1,"35":1,"36":1,"37":1,"38":1,"39":1,"40":1,"41":1,"42":1,"43":1,"44":1,"45":1,"46":1,"47":1,"48":1,"49":1,"50":1,"51":1,"52":1,"53":1,"54":1,"55":1,"56":1,"57":1,"58":1,"59":1,"60":1,"61":1,"62":1,"63":1,"64":1,"65":1,"66":1,"67":1,"68":1,"69":1},"f":{"0":1},"b":{},"_coverageSchema":"43e27e138ebf9cfc5966b082cf9a028302ed4184","hash":"91fb11f9ad44f8a0696846d3d831f5c7844a8ed3","contentHash":"a9dd2a0ff0324fc4175184a81f9cd091"},"/home/ned/Documents/Politico-latest/server/controllers/PartyController.js":{"path":"/home/ned/Documents/Politico-latest/server/controllers/PartyController.js","statementMap":{"0":{"start":{"line":3,"column":29},"end":{"line":3,"column":84}},"1":{"start":{"line":5,"column":0},"end":{"line":7,"column":3}},"2":{"start":{"line":8,"column":0},"end":{"line":8,"column":25}},"3":{"start":{"line":10,"column":19},"end":{"line":10,"column":80}},"4":{"start":{"line":12,"column":25},"end":{"line":12,"column":99}},"5":{"start":{"line":14,"column":23},"end":{"line":14,"column":95}},"6":{"start":{"line":16,"column":20},"end":{"line":16,"column":89}},"7":{"start":{"line":18,"column":18},"end":{"line":18,"column":73}},"8":{"start":{"line":26,"column":0},"end":{"line":442,"column":3}},"9":{"start":{"line":28,"column":4},"end":{"line":28,"column":57}},"10":{"start":{"line":31,"column":2},"end":{"line":440,"column":6}},"11":{"start":{"line":40,"column":25},"end":{"line":107,"column":9}},"12":{"start":{"line":45,"column":8},"end":{"line":106,"column":45}},"13":{"start":{"line":46,"column":10},"end":{"line":105,"column":11}},"14":{"start":{"line":47,"column":12},"end":{"line":104,"column":13}},"15":{"start":{"line":49,"column":16},"end":{"line":49,"column":34}},"16":{"start":{"line":50,"column":16},"end":{"line":50,"column":53}},"17":{"start":{"line":53,"column":16},"end":{"line":53,"column":39}},"18":{"start":{"line":54,"column":16},"end":{"line":54,"column":34}},"19":{"start":{"line":55,"column":16},"end":{"line":55,"column":122}},"20":{"start":{"line":56,"column":16},"end":{"line":56,"column":132}},"21":{"start":{"line":57,"column":16},"end":{"line":57,"column":52}},"22":{"start":{"line":58,"column":16},"end":{"line":58,"column":34}},"23":{"start":{"line":59,"column":16},"end":{"line":62,"column":19}},"24":{"start":{"line":65,"column":16},"end":{"line":65,"column":38}},"25":{"start":{"line":67,"column":16},"end":{"line":70,"column":17}},"26":{"start":{"line":68,"column":18},"end":{"line":68,"column":37}},"27":{"start":{"line":69,"column":18},"end":{"line":69,"column":24}},"28":{"start":{"line":72,"column":16},"end":{"line":72,"column":35}},"29":{"start":{"line":73,"column":16},"end":{"line":77,"column":20}},"30":{"start":{"line":80,"column":16},"end":{"line":83,"column":20}},"31":{"start":{"line":86,"column":16},"end":{"line":86,"column":35}},"32":{"start":{"line":87,"column":16},"end":{"line":87,"column":51}},"33":{"start":{"line":88,"column":16},"end":{"line":91,"column":20}},"34":{"start":{"line":94,"column":16},"end":{"line":94,"column":35}},"35":{"start":{"line":95,"column":16},"end":{"line":95,"column":35}},"36":{"start":{"line":96,"column":16},"end":{"line":96,"column":40}},"37":{"start":{"line":99,"column":16},"end":{"line":99,"column":43}},"38":{"start":{"line":103,"column":16},"end":{"line":103,"column":39}},"39":{"start":{"line":110,"column":8},"end":{"line":110,"column":51}},"40":{"start":{"line":113,"column":6},"end":{"line":113,"column":25}},"41":{"start":{"line":125,"column":23},"end":{"line":195,"column":9}},"42":{"start":{"line":129,"column":8},"end":{"line":194,"column":46}},"43":{"start":{"line":130,"column":10},"end":{"line":193,"column":11}},"44":{"start":{"line":131,"column":12},"end":{"line":192,"column":13}},"45":{"start":{"line":133,"column":16},"end":{"line":133,"column":45}},"46":{"start":{"line":134,"column":16},"end":{"line":134,"column":35}},"47":{"start":{"line":135,"column":16},"end":{"line":135,"column":53}},"48":{"start":{"line":138,"column":16},"end":{"line":138,"column":40}},"49":{"start":{"line":139,"column":16},"end":{"line":139,"column":35}},"50":{"start":{"line":140,"column":16},"end":{"line":140,"column":73}},"51":{"start":{"line":141,"column":16},"end":{"line":141,"column":35}},"52":{"start":{"line":142,"column":16},"end":{"line":142,"column":35}},"53":{"start":{"line":143,"column":16},"end":{"line":146,"column":19}},"54":{"start":{"line":149,"column":16},"end":{"line":149,"column":39}},"55":{"start":{"line":151,"column":16},"end":{"line":154,"column":17}},"56":{"start":{"line":152,"column":18},"end":{"line":152,"column":38}},"57":{"start":{"line":153,"column":18},"end":{"line":153,"column":24}},"58":{"start":{"line":156,"column":16},"end":{"line":159,"column":19}},"59":{"start":{"line":160,"column":16},"end":{"line":160,"column":36}},"60":{"start":{"line":161,"column":16},"end":{"line":161,"column":22}},"61":{"start":{"line":164,"column":16},"end":{"line":167,"column":20}},"62":{"start":{"line":170,"column":16},"end":{"line":170,"column":36}},"63":{"start":{"line":171,"column":16},"end":{"line":171,"column":22}},"64":{"start":{"line":174,"column":16},"end":{"line":174,"column":36}},"65":{"start":{"line":175,"column":16},"end":{"line":175,"column":53}},"66":{"start":{"line":176,"column":16},"end":{"line":179,"column":20}},"67":{"start":{"line":182,"column":16},"end":{"line":182,"column":36}},"68":{"start":{"line":183,"column":16},"end":{"line":183,"column":36}},"69":{"start":{"line":184,"column":16},"end":{"line":184,"column":40}},"70":{"start":{"line":187,"column":16},"end":{"line":187,"column":44}},"71":{"start":{"line":191,"column":16},"end":{"line":191,"column":40}},"72":{"start":{"line":198,"column":8},"end":{"line":198,"column":49}},"73":{"start":{"line":201,"column":6},"end":{"line":201,"column":23}},"74":{"start":{"line":213,"column":24},"end":{"line":272,"column":9}},"75":{"start":{"line":217,"column":8},"end":{"line":271,"column":46}},"76":{"start":{"line":218,"column":10},"end":{"line":270,"column":11}},"77":{"start":{"line":219,"column":12},"end":{"line":269,"column":13}},"78":{"start":{"line":221,"column":16},"end":{"line":221,"column":52}},"79":{"start":{"line":222,"column":16},"end":{"line":222,"column":35}},"80":{"start":{"line":223,"column":16},"end":{"line":223,"column":53}},"81":{"start":{"line":226,"column":16},"end":{"line":226,"column":40}},"82":{"start":{"line":227,"column":16},"end":{"line":227,"column":35}},"83":{"start":{"line":228,"column":16},"end":{"line":228,"column":35}},"84":{"start":{"line":229,"column":16},"end":{"line":229,"column":47}},"85":{"start":{"line":232,"column":16},"end":{"line":232,"column":41}},"86":{"start":{"line":234,"column":16},"end":{"line":237,"column":17}},"87":{"start":{"line":235,"column":18},"end":{"line":235,"column":38}},"88":{"start":{"line":236,"column":18},"end":{"line":236,"column":24}},"89":{"start":{"line":239,"column":16},"end":{"line":242,"column":20}},"90":{"start":{"line":245,"column":16},"end":{"line":248,"column":20}},"91":{"start":{"line":251,"column":16},"end":{"line":251,"column":36}},"92":{"start":{"line":252,"column":16},"end":{"line":252,"column":53}},"93":{"start":{"line":253,"column":16},"end":{"line":256,"column":20}},"94":{"start":{"line":259,"column":16},"end":{"line":259,"column":36}},"95":{"start":{"line":260,"column":16},"end":{"line":260,"column":36}},"96":{"start":{"line":261,"column":16},"end":{"line":261,"column":40}},"97":{"start":{"line":264,"column":16},"end":{"line":264,"column":44}},"98":{"start":{"line":268,"column":16},"end":{"line":268,"column":40}},"99":{"start":{"line":275,"column":8},"end":{"line":275,"column":50}},"100":{"start":{"line":278,"column":6},"end":{"line":278,"column":24}},"101":{"start":{"line":289,"column":25},"end":{"line":354,"column":9}},"102":{"start":{"line":293,"column":8},"end":{"line":353,"column":46}},"103":{"start":{"line":294,"column":10},"end":{"line":352,"column":11}},"104":{"start":{"line":295,"column":12},"end":{"line":351,"column":13}},"105":{"start":{"line":297,"column":16},"end":{"line":297,"column":45}},"106":{"start":{"line":298,"column":16},"end":{"line":301,"column":18}},"107":{"start":{"line":302,"column":16},"end":{"line":302,"column":35}},"108":{"start":{"line":303,"column":16},"end":{"line":303,"column":53}},"109":{"start":{"line":306,"column":16},"end":{"line":306,"column":40}},"110":{"start":{"line":307,"column":16},"end":{"line":307,"column":35}},"111":{"start":{"line":308,"column":16},"end":{"line":308,"column":35}},"112":{"start":{"line":309,"column":16},"end":{"line":309,"column":46}},"113":{"start":{"line":312,"column":16},"end":{"line":312,"column":39}},"114":{"start":{"line":314,"column":16},"end":{"line":317,"column":17}},"115":{"start":{"line":315,"column":18},"end":{"line":315,"column":38}},"116":{"start":{"line":316,"column":18},"end":{"line":316,"column":24}},"117":{"start":{"line":319,"column":16},"end":{"line":324,"column":20}},"118":{"start":{"line":327,"column":16},"end":{"line":330,"column":20}},"119":{"start":{"line":333,"column":16},"end":{"line":333,"column":36}},"120":{"start":{"line":334,"column":16},"end":{"line":334,"column":53}},"121":{"start":{"line":335,"column":16},"end":{"line":338,"column":20}},"122":{"start":{"line":341,"column":16},"end":{"line":341,"column":36}},"123":{"start":{"line":342,"column":16},"end":{"line":342,"column":36}},"124":{"start":{"line":343,"column":16},"end":{"line":343,"column":40}},"125":{"start":{"line":346,"column":16},"end":{"line":346,"column":44}},"126":{"start":{"line":350,"column":16},"end":{"line":350,"column":40}},"127":{"start":{"line":357,"column":8},"end":{"line":357,"column":51}},"128":{"start":{"line":360,"column":6},"end":{"line":360,"column":25}},"129":{"start":{"line":365,"column":23},"end":{"line":432,"column":9}},"130":{"start":{"line":369,"column":8},"end":{"line":431,"column":46}},"131":{"start":{"line":370,"column":10},"end":{"line":430,"column":11}},"132":{"start":{"line":371,"column":12},"end":{"line":429,"column":13}},"133":{"start":{"line":373,"column":16},"end":{"line":373,"column":45}},"134":{"start":{"line":374,"column":16},"end":{"line":374,"column":37}},"135":{"start":{"line":375,"column":16},"end":{"line":378,"column":18}},"136":{"start":{"line":379,"column":16},"end":{"line":379,"column":35}},"137":{"start":{"line":380,"column":16},"end":{"line":380,"column":53}},"138":{"start":{"line":383,"column":16},"end":{"line":383,"column":40}},"139":{"start":{"line":384,"column":16},"end":{"line":384,"column":35}},"140":{"start":{"line":385,"column":16},"end":{"line":385,"column":35}},"141":{"start":{"line":386,"column":16},"end":{"line":386,"column":46}},"142":{"start":{"line":389,"column":16},"end":{"line":389,"column":39}},"143":{"start":{"line":391,"column":16},"end":{"line":394,"column":17}},"144":{"start":{"line":392,"column":18},"end":{"line":392,"column":38}},"145":{"start":{"line":393,"column":18},"end":{"line":393,"column":24}},"146":{"start":{"line":396,"column":16},"end":{"line":402,"column":20}},"147":{"start":{"line":405,"column":16},"end":{"line":408,"column":20}},"148":{"start":{"line":411,"column":16},"end":{"line":411,"column":36}},"149":{"start":{"line":412,"column":16},"end":{"line":412,"column":53}},"150":{"start":{"line":413,"column":16},"end":{"line":416,"column":20}},"151":{"start":{"line":419,"column":16},"end":{"line":419,"column":36}},"152":{"start":{"line":420,"column":16},"end":{"line":420,"column":36}},"153":{"start":{"line":421,"column":16},"end":{"line":421,"column":40}},"154":{"start":{"line":424,"column":16},"end":{"line":424,"column":44}},"155":{"start":{"line":428,"column":16},"end":{"line":428,"column":40}},"156":{"start":{"line":435,"column":8},"end":{"line":435,"column":49}},"157":{"start":{"line":438,"column":6},"end":{"line":438,"column":23}},"158":{"start":{"line":441,"column":2},"end":{"line":441,"column":25}},"159":{"start":{"line":444,"column":15},"end":{"line":444,"column":30}},"160":{"start":{"line":445,"column":0},"end":{"line":445,"column":27}}},"fnMap":{"0":{"name":"(anonymous_0)","decl":{"start":{"line":26,"column":0},"end":{"line":26,"column":1}},"loc":{"start":{"line":26,"column":12},"end":{"line":442,"column":1}},"line":26},"1":{"name":"PartyController","decl":{"start":{"line":27,"column":11},"end":{"line":27,"column":26}},"loc":{"start":{"line":27,"column":29},"end":{"line":29,"column":3}},"line":27},"2":{"name":"(anonymous_2)","decl":{"start":{"line":39,"column":11},"end":{"line":39,"column":12}},"loc":{"start":{"line":39,"column":23},"end":{"line":114,"column":5}},"line":39},"3":{"name":"_callee","decl":{"start":{"line":42,"column":41},"end":{"line":42,"column":48}},"loc":{"start":{"line":42,"column":59},"end":{"line":107,"column":7}},"line":42},"4":{"name":"_callee$","decl":{"start":{"line":45,"column":50},"end":{"line":45,"column":58}},"loc":{"start":{"line":45,"column":69},"end":{"line":106,"column":9}},"line":45},"5":{"name":"createParty","decl":{"start":{"line":109,"column":15},"end":{"line":109,"column":26}},"loc":{"start":{"line":109,"column":36},"end":{"line":111,"column":7}},"line":109},"6":{"name":"(anonymous_6)","decl":{"start":{"line":124,"column":11},"end":{"line":124,"column":12}},"loc":{"start":{"line":124,"column":23},"end":{"line":202,"column":5}},"line":124},"7":{"name":"_callee2","decl":{"start":{"line":127,"column":41},"end":{"line":127,"column":49}},"loc":{"start":{"line":127,"column":60},"end":{"line":195,"column":7}},"line":127},"8":{"name":"_callee2$","decl":{"start":{"line":129,"column":50},"end":{"line":129,"column":59}},"loc":{"start":{"line":129,"column":71},"end":{"line":194,"column":9}},"line":129},"9":{"name":"getAParty","decl":{"start":{"line":197,"column":15},"end":{"line":197,"column":24}},"loc":{"start":{"line":197,"column":35},"end":{"line":199,"column":7}},"line":197},"10":{"name":"(anonymous_10)","decl":{"start":{"line":212,"column":11},"end":{"line":212,"column":12}},"loc":{"start":{"line":212,"column":23},"end":{"line":279,"column":5}},"line":212},"11":{"name":"_callee3","decl":{"start":{"line":215,"column":41},"end":{"line":215,"column":49}},"loc":{"start":{"line":215,"column":60},"end":{"line":272,"column":7}},"line":215},"12":{"name":"_callee3$","decl":{"start":{"line":217,"column":50},"end":{"line":217,"column":59}},"loc":{"start":{"line":217,"column":71},"end":{"line":271,"column":9}},"line":217},"13":{"name":"allParties","decl":{"start":{"line":274,"column":15},"end":{"line":274,"column":25}},"loc":{"start":{"line":274,"column":36},"end":{"line":276,"column":7}},"line":274},"14":{"name":"(anonymous_14)","decl":{"start":{"line":288,"column":11},"end":{"line":288,"column":12}},"loc":{"start":{"line":288,"column":23},"end":{"line":361,"column":5}},"line":288},"15":{"name":"_callee4","decl":{"start":{"line":291,"column":41},"end":{"line":291,"column":49}},"loc":{"start":{"line":291,"column":60},"end":{"line":354,"column":7}},"line":291},"16":{"name":"_callee4$","decl":{"start":{"line":293,"column":50},"end":{"line":293,"column":59}},"loc":{"start":{"line":293,"column":71},"end":{"line":353,"column":9}},"line":293},"17":{"name":"deleteParty","decl":{"start":{"line":356,"column":15},"end":{"line":356,"column":26}},"loc":{"start":{"line":356,"column":37},"end":{"line":358,"column":7}},"line":356},"18":{"name":"(anonymous_18)","decl":{"start":{"line":364,"column":11},"end":{"line":364,"column":12}},"loc":{"start":{"line":364,"column":23},"end":{"line":439,"column":5}},"line":364},"19":{"name":"_callee5","decl":{"start":{"line":367,"column":41},"end":{"line":367,"column":49}},"loc":{"start":{"line":367,"column":60},"end":{"line":432,"column":7}},"line":367},"20":{"name":"_callee5$","decl":{"start":{"line":369,"column":50},"end":{"line":369,"column":59}},"loc":{"start":{"line":369,"column":71},"end":{"line":431,"column":9}},"line":369},"21":{"name":"editParty","decl":{"start":{"line":434,"column":15},"end":{"line":434,"column":24}},"loc":{"start":{"line":434,"column":36},"end":{"line":436,"column":7}},"line":434}},"branchMap":{"0":{"loc":{"start":{"line":47,"column":12},"end":{"line":104,"column":13}},"type":"switch","locations":[{"start":{"line":48,"column":14},"end":{"line":50,"column":53}},{"start":{"line":52,"column":14},"end":{"line":62,"column":19}},{"start":{"line":64,"column":14},"end":{"line":77,"column":20}},{"start":{"line":79,"column":14},"end":{"line":83,"column":20}},{"start":{"line":85,"column":14},"end":{"line":91,"column":20}},{"start":{"line":93,"column":14},"end":{"line":96,"column":40}},{"start":{"line":98,"column":14},"end":{"line":99,"column":43}},{"start":{"line":101,"column":14},"end":{"line":101,"column":22}},{"start":{"line":102,"column":14},"end":{"line":103,"column":39}}],"line":47},"1":{"loc":{"start":{"line":67,"column":16},"end":{"line":70,"column":17}},"type":"if","locations":[{"start":{"line":67,"column":16},"end":{"line":70,"column":17}},{"start":{"line":67,"column":16},"end":{"line":70,"column":17}}],"line":67},"2":{"loc":{"start":{"line":67,"column":22},"end":{"line":67,"column":50}},"type":"binary-expr","locations":[{"start":{"line":67,"column":22},"end":{"line":67,"column":32}},{"start":{"line":67,"column":36},"end":{"line":67,"column":50}}],"line":67},"3":{"loc":{"start":{"line":131,"column":12},"end":{"line":192,"column":13}},"type":"switch","locations":[{"start":{"line":132,"column":14},"end":{"line":135,"column":53}},{"start":{"line":137,"column":14},"end":{"line":146,"column":19}},{"start":{"line":148,"column":14},"end":{"line":161,"column":22}},{"start":{"line":163,"column":14},"end":{"line":167,"column":20}},{"start":{"line":169,"column":14},"end":{"line":171,"column":22}},{"start":{"line":173,"column":14},"end":{"line":179,"column":20}},{"start":{"line":181,"column":14},"end":{"line":184,"column":40}},{"start":{"line":186,"column":14},"end":{"line":187,"column":44}},{"start":{"line":189,"column":14},"end":{"line":189,"column":22}},{"start":{"line":190,"column":14},"end":{"line":191,"column":40}}],"line":131},"4":{"loc":{"start":{"line":151,"column":16},"end":{"line":154,"column":17}},"type":"if","locations":[{"start":{"line":151,"column":16},"end":{"line":154,"column":17}},{"start":{"line":151,"column":16},"end":{"line":154,"column":17}}],"line":151},"5":{"loc":{"start":{"line":219,"column":12},"end":{"line":269,"column":13}},"type":"switch","locations":[{"start":{"line":220,"column":14},"end":{"line":223,"column":53}},{"start":{"line":225,"column":14},"end":{"line":229,"column":47}},{"start":{"line":231,"column":14},"end":{"line":242,"column":20}},{"start":{"line":244,"column":14},"end":{"line":248,"column":20}},{"start":{"line":250,"column":14},"end":{"line":256,"column":20}},{"start":{"line":258,"column":14},"end":{"line":261,"column":40}},{"start":{"line":263,"column":14},"end":{"line":264,"column":44}},{"start":{"line":266,"column":14},"end":{"line":266,"column":22}},{"start":{"line":267,"column":14},"end":{"line":268,"column":40}}],"line":219},"6":{"loc":{"start":{"line":234,"column":16},"end":{"line":237,"column":17}},"type":"if","locations":[{"start":{"line":234,"column":16},"end":{"line":237,"column":17}},{"start":{"line":234,"column":16},"end":{"line":237,"column":17}}],"line":234},"7":{"loc":{"start":{"line":295,"column":12},"end":{"line":351,"column":13}},"type":"switch","locations":[{"start":{"line":296,"column":14},"end":{"line":303,"column":53}},{"start":{"line":305,"column":14},"end":{"line":309,"column":46}},{"start":{"line":311,"column":14},"end":{"line":324,"column":20}},{"start":{"line":326,"column":14},"end":{"line":330,"column":20}},{"start":{"line":332,"column":14},"end":{"line":338,"column":20}},{"start":{"line":340,"column":14},"end":{"line":343,"column":40}},{"start":{"line":345,"column":14},"end":{"line":346,"column":44}},{"start":{"line":348,"column":14},"end":{"line":348,"column":22}},{"start":{"line":349,"column":14},"end":{"line":350,"column":40}}],"line":295},"8":{"loc":{"start":{"line":314,"column":16},"end":{"line":317,"column":17}},"type":"if","locations":[{"start":{"line":314,"column":16},"end":{"line":317,"column":17}},{"start":{"line":314,"column":16},"end":{"line":317,"column":17}}],"line":314},"9":{"loc":{"start":{"line":371,"column":12},"end":{"line":429,"column":13}},"type":"switch","locations":[{"start":{"line":372,"column":14},"end":{"line":380,"column":53}},{"start":{"line":382,"column":14},"end":{"line":386,"column":46}},{"start":{"line":388,"column":14},"end":{"line":402,"column":20}},{"start":{"line":404,"column":14},"end":{"line":408,"column":20}},{"start":{"line":410,"column":14},"end":{"line":416,"column":20}},{"start":{"line":418,"column":14},"end":{"line":421,"column":40}},{"start":{"line":423,"column":14},"end":{"line":424,"column":44}},{"start":{"line":426,"column":14},"end":{"line":426,"column":22}},{"start":{"line":427,"column":14},"end":{"line":428,"column":40}}],"line":371},"10":{"loc":{"start":{"line":391,"column":16},"end":{"line":394,"column":17}},"type":"if","locations":[{"start":{"line":391,"column":16},"end":{"line":394,"column":17}},{"start":{"line":391,"column":16},"end":{"line":394,"column":17}}],"line":391}},"s":{"0":1,"1":1,"2":1,"3":1,"4":1,"5":1,"6":1,"7":1,"8":1,"9":0,"10":1,"11":1,"12":1,"13":6,"14":6,"15":1,"16":1,"17":1,"18":1,"19":1,"20":1,"21":1,"22":1,"23":1,"24":1,"25":1,"26":0,"27":0,"28":1,"29":1,"30":0,"31":0,"32":0,"33":0,"34":1,"35":1,"36":1,"37":1,"38":1,"39":1,"40":1,"41":1,"42":2,"43":11,"44":14,"45":2,"46":2,"47":2,"48":2,"49":2,"50":2,"51":2,"52":2,"53":2,"54":2,"55":2,"56":1,"57":1,"58":1,"59":1,"60":1,"61":1,"62":1,"63":1,"64":0,"65":0,"66":0,"67":2,"68":2,"69":2,"70":2,"71":2,"72":2,"73":1,"74":1,"75":1,"76":6,"77":6,"78":1,"79":1,"80":1,"81":1,"82":1,"83":1,"84":1,"85":1,"86":1,"87":0,"88":0,"89":1,"90":0,"91":0,"92":0,"93":0,"94":1,"95":1,"96":1,"97":1,"98":1,"99":1,"100":1,"101":1,"102":1,"103":6,"104":6,"105":1,"106":1,"107":1,"108":1,"109":1,"110":1,"111":1,"112":1,"113":1,"114":1,"115":0,"116":0,"117":1,"118":0,"119":0,"120":0,"121":0,"122":1,"123":1,"124":1,"125":1,"126":1,"127":1,"128":1,"129":1,"130":1,"131":6,"132":6,"133":1,"134":1,"135":1,"136":1,"137":1,"138":1,"139":1,"140":1,"141":1,"142":1,"143":1,"144":0,"145":0,"146":1,"147":0,"148":0,"149":0,"150":0,"151":1,"152":1,"153":1,"154":1,"155":1,"156":1,"157":1,"158":1,"159":1,"160":1},"f":{"0":1,"1":0,"2":1,"3":1,"4":6,"5":1,"6":1,"7":2,"8":11,"9":2,"10":1,"11":1,"12":6,"13":1,"14":1,"15":1,"16":6,"17":1,"18":1,"19":1,"20":6,"21":1},"b":{"0":[1,1,1,0,0,1,1,0,1],"1":[0,1],"2":[1,1],"3":[2,2,2,1,1,0,2,2,1,2],"4":[1,1],"5":[1,1,1,0,0,1,1,0,1],"6":[0,1],"7":[1,1,1,0,0,1,1,0,1],"8":[0,1],"9":[1,1,1,0,0,1,1,0,1],"10":[0,1]},"_coverageSchema":"43e27e138ebf9cfc5966b082cf9a028302ed4184","hash":"a9f3945eecc8469f1f0bad82a5f7412fed06302b","contentHash":"1af16e311845b13a731c8939ad5188e5"},"/home/ned/Documents/Politico-latest/server/config/connection.js":{"path":"/home/ned/Documents/Politico-latest/server/config/connection.js","statementMap":{"0":{"start":{"line":3,"column":29},"end":{"line":3,"column":84}},"1":{"start":{"line":5,"column":0},"end":{"line":7,"column":3}},"2":{"start":{"line":8,"column":0},"end":{"line":8,"column":25}},"3":{"start":{"line":10,"column":10},"end":{"line":10,"column":23}},"4":{"start":{"line":12,"column":16},"end":{"line":12,"column":61}},"5":{"start":{"line":14,"column":10},"end":{"line":14,"column":33}},"6":{"start":{"line":15,"column":23},"end":{"line":15,"column":45}},"7":{"start":{"line":16,"column":10},"end":{"line":16,"column":30}},"8":{"start":{"line":17,"column":11},"end":{"line":20,"column":2}},"9":{"start":{"line":21,"column":15},"end":{"line":21,"column":19}},"10":{"start":{"line":22,"column":0},"end":{"line":22,"column":27}}},"fnMap":{},"branchMap":{},"s":{"0":1,"1":1,"2":1,"3":1,"4":1,"5":1,"6":1,"7":1,"8":1,"9":1,"10":1},"f":{},"b":{},"_coverageSchema":"43e27e138ebf9cfc5966b082cf9a028302ed4184","hash":"0bde2a853e90df1b714372a93dc6908ce28ce1a6","contentHash":"75c3eabdfcf235680090ee8c13297675"},"/home/ned/Documents/Politico-latest/server/config/dbConfig.js":{"path":"/home/ned/Documents/Politico-latest/server/config/dbConfig.js","statementMap":{"0":{"start":{"line":3,"column":29},"end":{"line":3,"column":84}},"1":{"start":{"line":5,"column":0},"end":{"line":7,"column":3}},"2":{"start":{"line":8,"column":0},"end":{"line":8,"column":25}},"3":{"start":{"line":10,"column":14},"end":{"line":10,"column":55}},"4":{"start":{"line":12,"column":0},"end":{"line":12,"column":25}},"5":{"start":{"line":14,"column":15},"end":{"line":19,"column":1}},"6":{"start":{"line":20,"column":15},"end":{"line":20,"column":23}},"7":{"start":{"line":21,"column":0},"end":{"line":21,"column":27}}},"fnMap":{},"branchMap":{"0":{"loc":{"start":{"line":18,"column":9},"end":{"line":18,"column":46}},"type":"binary-expr","locations":[{"start":{"line":18,"column":9},"end":{"line":18,"column":29}},{"start":{"line":18,"column":33},"end":{"line":18,"column":46}}],"line":18}},"s":{"0":1,"1":1,"2":1,"3":1,"4":1,"5":1,"6":1,"7":1},"f":{},"b":{"0":[1,0]},"_coverageSchema":"43e27e138ebf9cfc5966b082cf9a028302ed4184","hash":"34793d2779e2fcfef7b578b024ff3c04baaaf5c9","contentHash":"55df21383b3ddcb601a7b4870745bb46"},"/home/ned/Documents/Politico-latest/server/middlewares/PartyValidator.js":{"path":"/home/ned/Documents/Politico-latest/server/middlewares/PartyValidator.js","statementMap":{"0":{"start":{"line":3,"column":29},"end":{"line":3,"column":84}},"1":{"start":{"line":5,"column":0},"end":{"line":7,"column":3}},"2":{"start":{"line":8,"column":0},"end":{"line":8,"column":25}},"3":{"start":{"line":10,"column":19},"end":{"line":10,"column":80}},"4":{"start":{"line":12,"column":25},"end":{"line":12,"column":99}},"5":{"start":{"line":14,"column":23},"end":{"line":14,"column":95}},"6":{"start":{"line":16,"column":20},"end":{"line":16,"column":89}},"7":{"start":{"line":18,"column":15},"end":{"line":18,"column":68}},"8":{"start":{"line":20,"column":18},"end":{"line":20,"column":73}},"9":{"start":{"line":28,"column":0},"end":{"line":294,"column":3}},"10":{"start":{"line":30,"column":4},"end":{"line":30,"column":56}},"11":{"start":{"line":33,"column":2},"end":{"line":292,"column":6}},"12":{"start":{"line":44,"column":6},"end":{"line":46,"column":140}},"13":{"start":{"line":47,"column":6},"end":{"line":47,"column":152}},"14":{"start":{"line":48,"column":6},"end":{"line":50,"column":77}},"15":{"start":{"line":51,"column":19},"end":{"line":51,"column":41}},"16":{"start":{"line":53,"column":6},"end":{"line":58,"column":7}},"17":{"start":{"line":54,"column":8},"end":{"line":57,"column":11}},"18":{"start":{"line":60,"column":22},"end":{"line":60,"column":30}},"19":{"start":{"line":61,"column":17},"end":{"line":61,"column":31}},"20":{"start":{"line":62,"column":22},"end":{"line":62,"column":41}},"21":{"start":{"line":63,"column":20},"end":{"line":63,"column":37}},"22":{"start":{"line":64,"column":6},"end":{"line":64,"column":51}},"23":{"start":{"line":65,"column":6},"end":{"line":65,"column":61}},"24":{"start":{"line":66,"column":6},"end":{"line":66,"column":57}},"25":{"start":{"line":67,"column":6},"end":{"line":67,"column":20}},"26":{"start":{"line":84,"column":25},"end":{"line":148,"column":9}},"27":{"start":{"line":88,"column":8},"end":{"line":147,"column":45}},"28":{"start":{"line":89,"column":10},"end":{"line":146,"column":11}},"29":{"start":{"line":90,"column":12},"end":{"line":145,"column":13}},"30":{"start":{"line":92,"column":16},"end":{"line":92,"column":34}},"31":{"start":{"line":93,"column":16},"end":{"line":93,"column":53}},"32":{"start":{"line":96,"column":16},"end":{"line":96,"column":39}},"33":{"start":{"line":97,"column":16},"end":{"line":97,"column":34}},"34":{"start":{"line":98,"column":16},"end":{"line":98,"column":89}},"35":{"start":{"line":99,"column":16},"end":{"line":99,"column":41}},"36":{"start":{"line":100,"column":16},"end":{"line":100,"column":34}},"37":{"start":{"line":101,"column":16},"end":{"line":104,"column":19}},"38":{"start":{"line":107,"column":16},"end":{"line":107,"column":38}},"39":{"start":{"line":109,"column":16},"end":{"line":112,"column":17}},"40":{"start":{"line":110,"column":18},"end":{"line":110,"column":37}},"41":{"start":{"line":111,"column":18},"end":{"line":111,"column":24}},"42":{"start":{"line":114,"column":16},"end":{"line":117,"column":20}},"43":{"start":{"line":120,"column":16},"end":{"line":120,"column":35}},"44":{"start":{"line":121,"column":16},"end":{"line":121,"column":22}},"45":{"start":{"line":124,"column":16},"end":{"line":124,"column":35}},"46":{"start":{"line":125,"column":16},"end":{"line":125,"column":51}},"47":{"start":{"line":126,"column":16},"end":{"line":129,"column":20}},"48":{"start":{"line":132,"column":16},"end":{"line":132,"column":35}},"49":{"start":{"line":133,"column":16},"end":{"line":133,"column":35}},"50":{"start":{"line":134,"column":16},"end":{"line":134,"column":40}},"51":{"start":{"line":137,"column":16},"end":{"line":137,"column":43}},"52":{"start":{"line":140,"column":16},"end":{"line":140,"column":57}},"53":{"start":{"line":144,"column":16},"end":{"line":144,"column":39}},"54":{"start":{"line":151,"column":8},"end":{"line":151,"column":51}},"55":{"start":{"line":154,"column":6},"end":{"line":154,"column":25}},"56":{"start":{"line":167,"column":20},"end":{"line":167,"column":38}},"57":{"start":{"line":169,"column":6},"end":{"line":174,"column":7}},"58":{"start":{"line":170,"column":8},"end":{"line":173,"column":11}},"59":{"start":{"line":176,"column":6},"end":{"line":176,"column":20}},"60":{"start":{"line":192,"column":6},"end":{"line":194,"column":140}},"61":{"start":{"line":195,"column":19},"end":{"line":195,"column":41}},"62":{"start":{"line":197,"column":6},"end":{"line":202,"column":7}},"63":{"start":{"line":198,"column":8},"end":{"line":201,"column":11}},"64":{"start":{"line":204,"column":6},"end":{"line":204,"column":20}},"65":{"start":{"line":220,"column":25},"end":{"line":284,"column":9}},"66":{"start":{"line":224,"column":8},"end":{"line":283,"column":46}},"67":{"start":{"line":225,"column":10},"end":{"line":282,"column":11}},"68":{"start":{"line":226,"column":12},"end":{"line":281,"column":13}},"69":{"start":{"line":228,"column":16},"end":{"line":228,"column":35}},"70":{"start":{"line":229,"column":16},"end":{"line":229,"column":53}},"71":{"start":{"line":232,"column":16},"end":{"line":232,"column":40}},"72":{"start":{"line":233,"column":16},"end":{"line":233,"column":35}},"73":{"start":{"line":234,"column":16},"end":{"line":234,"column":65}},"74":{"start":{"line":235,"column":16},"end":{"line":235,"column":46}},"75":{"start":{"line":236,"column":16},"end":{"line":236,"column":35}},"76":{"start":{"line":237,"column":16},"end":{"line":240,"column":19}},"77":{"start":{"line":243,"column":16},"end":{"line":243,"column":39}},"78":{"start":{"line":245,"column":16},"end":{"line":248,"column":17}},"79":{"start":{"line":246,"column":18},"end":{"line":246,"column":38}},"80":{"start":{"line":247,"column":18},"end":{"line":247,"column":24}},"81":{"start":{"line":250,"column":16},"end":{"line":253,"column":20}},"82":{"start":{"line":256,"column":16},"end":{"line":256,"column":36}},"83":{"start":{"line":257,"column":16},"end":{"line":257,"column":22}},"84":{"start":{"line":260,"column":16},"end":{"line":260,"column":36}},"85":{"start":{"line":261,"column":16},"end":{"line":261,"column":53}},"86":{"start":{"line":262,"column":16},"end":{"line":265,"column":20}},"87":{"start":{"line":268,"column":16},"end":{"line":268,"column":36}},"88":{"start":{"line":269,"column":16},"end":{"line":269,"column":36}},"89":{"start":{"line":270,"column":16},"end":{"line":270,"column":40}},"90":{"start":{"line":273,"column":16},"end":{"line":273,"column":44}},"91":{"start":{"line":276,"column":16},"end":{"line":276,"column":58}},"92":{"start":{"line":280,"column":16},"end":{"line":280,"column":40}},"93":{"start":{"line":287,"column":8},"end":{"line":287,"column":51}},"94":{"start":{"line":290,"column":6},"end":{"line":290,"column":25}},"95":{"start":{"line":293,"column":2},"end":{"line":293,"column":24}},"96":{"start":{"line":296,"column":15},"end":{"line":296,"column":29}},"97":{"start":{"line":297,"column":0},"end":{"line":297,"column":27}}},"fnMap":{"0":{"name":"(anonymous_0)","decl":{"start":{"line":28,"column":0},"end":{"line":28,"column":1}},"loc":{"start":{"line":28,"column":12},"end":{"line":294,"column":1}},"line":28},"1":{"name":"PartyValidator","decl":{"start":{"line":29,"column":11},"end":{"line":29,"column":25}},"loc":{"start":{"line":29,"column":28},"end":{"line":31,"column":3}},"line":29},"2":{"name":"createPartyValidator","decl":{"start":{"line":43,"column":20},"end":{"line":43,"column":40}},"loc":{"start":{"line":43,"column":57},"end":{"line":68,"column":5}},"line":43},"3":{"name":"(anonymous_3)","decl":{"start":{"line":83,"column":11},"end":{"line":83,"column":12}},"loc":{"start":{"line":83,"column":23},"end":{"line":155,"column":5}},"line":83},"4":{"name":"_callee","decl":{"start":{"line":86,"column":41},"end":{"line":86,"column":48}},"loc":{"start":{"line":86,"column":65},"end":{"line":148,"column":7}},"line":86},"5":{"name":"_callee$","decl":{"start":{"line":88,"column":50},"end":{"line":88,"column":58}},"loc":{"start":{"line":88,"column":69},"end":{"line":147,"column":9}},"line":88},"6":{"name":"isDuplicate","decl":{"start":{"line":150,"column":15},"end":{"line":150,"column":26}},"loc":{"start":{"line":150,"column":41},"end":{"line":152,"column":7}},"line":150},"7":{"name":"validateParam","decl":{"start":{"line":166,"column":20},"end":{"line":166,"column":33}},"loc":{"start":{"line":166,"column":50},"end":{"line":177,"column":5}},"line":166},"8":{"name":"editPartyValidator","decl":{"start":{"line":191,"column":20},"end":{"line":191,"column":38}},"loc":{"start":{"line":191,"column":55},"end":{"line":205,"column":5}},"line":191},"9":{"name":"(anonymous_9)","decl":{"start":{"line":219,"column":11},"end":{"line":219,"column":12}},"loc":{"start":{"line":219,"column":23},"end":{"line":291,"column":5}},"line":219},"10":{"name":"_callee2","decl":{"start":{"line":222,"column":41},"end":{"line":222,"column":49}},"loc":{"start":{"line":222,"column":66},"end":{"line":284,"column":7}},"line":222},"11":{"name":"_callee2$","decl":{"start":{"line":224,"column":50},"end":{"line":224,"column":59}},"loc":{"start":{"line":224,"column":71},"end":{"line":283,"column":9}},"line":224},"12":{"name":"partyExists","decl":{"start":{"line":286,"column":15},"end":{"line":286,"column":26}},"loc":{"start":{"line":286,"column":42},"end":{"line":288,"column":7}},"line":286}},"branchMap":{"0":{"loc":{"start":{"line":53,"column":6},"end":{"line":58,"column":7}},"type":"if","locations":[{"start":{"line":53,"column":6},"end":{"line":58,"column":7}},{"start":{"line":53,"column":6},"end":{"line":58,"column":7}}],"line":53},"1":{"loc":{"start":{"line":90,"column":12},"end":{"line":145,"column":13}},"type":"switch","locations":[{"start":{"line":91,"column":14},"end":{"line":93,"column":53}},{"start":{"line":95,"column":14},"end":{"line":104,"column":19}},{"start":{"line":106,"column":14},"end":{"line":117,"column":20}},{"start":{"line":119,"column":14},"end":{"line":121,"column":22}},{"start":{"line":123,"column":14},"end":{"line":129,"column":20}},{"start":{"line":131,"column":14},"end":{"line":134,"column":40}},{"start":{"line":136,"column":14},"end":{"line":137,"column":43}},{"start":{"line":139,"column":14},"end":{"line":140,"column":57}},{"start":{"line":142,"column":14},"end":{"line":142,"column":22}},{"start":{"line":143,"column":14},"end":{"line":144,"column":39}}],"line":90},"2":{"loc":{"start":{"line":109,"column":16},"end":{"line":112,"column":17}},"type":"if","locations":[{"start":{"line":109,"column":16},"end":{"line":112,"column":17}},{"start":{"line":109,"column":16},"end":{"line":112,"column":17}}],"line":109},"3":{"loc":{"start":{"line":169,"column":6},"end":{"line":174,"column":7}},"type":"if","locations":[{"start":{"line":169,"column":6},"end":{"line":174,"column":7}},{"start":{"line":169,"column":6},"end":{"line":174,"column":7}}],"line":169},"4":{"loc":{"start":{"line":169,"column":10},"end":{"line":169,"column":58}},"type":"binary-expr","locations":[{"start":{"line":169,"column":10},"end":{"line":169,"column":46}},{"start":{"line":169,"column":50},"end":{"line":169,"column":58}}],"line":169},"5":{"loc":{"start":{"line":197,"column":6},"end":{"line":202,"column":7}},"type":"if","locations":[{"start":{"line":197,"column":6},"end":{"line":202,"column":7}},{"start":{"line":197,"column":6},"end":{"line":202,"column":7}}],"line":197},"6":{"loc":{"start":{"line":226,"column":12},"end":{"line":281,"column":13}},"type":"switch","locations":[{"start":{"line":227,"column":14},"end":{"line":229,"column":53}},{"start":{"line":231,"column":14},"end":{"line":240,"column":19}},{"start":{"line":242,"column":14},"end":{"line":253,"column":20}},{"start":{"line":255,"column":14},"end":{"line":257,"column":22}},{"start":{"line":259,"column":14},"end":{"line":265,"column":20}},{"start":{"line":267,"column":14},"end":{"line":270,"column":40}},{"start":{"line":272,"column":14},"end":{"line":273,"column":44}},{"start":{"line":275,"column":14},"end":{"line":276,"column":58}},{"start":{"line":278,"column":14},"end":{"line":278,"column":22}},{"start":{"line":279,"column":14},"end":{"line":280,"column":40}}],"line":226},"7":{"loc":{"start":{"line":245,"column":16},"end":{"line":248,"column":17}},"type":"if","locations":[{"start":{"line":245,"column":16},"end":{"line":248,"column":17}},{"start":{"line":245,"column":16},"end":{"line":248,"column":17}}],"line":245}},"s":{"0":1,"1":1,"2":1,"3":1,"4":1,"5":1,"6":1,"7":1,"8":1,"9":1,"10":0,"11":1,"12":5,"13":5,"14":5,"15":5,"16":5,"17":3,"18":2,"19":2,"20":2,"21":2,"22":2,"23":2,"24":2,"25":2,"26":1,"27":2,"28":12,"29":14,"30":2,"31":2,"32":2,"33":2,"34":2,"35":2,"36":2,"37":2,"38":2,"39":2,"40":1,"41":1,"42":1,"43":1,"44":1,"45":0,"46":0,"47":0,"48":2,"49":2,"50":2,"51":2,"52":1,"53":2,"54":2,"55":1,"56":7,"57":7,"58":1,"59":6,"60":1,"61":1,"62":1,"63":0,"64":1,"65":1,"66":4,"67":24,"68":28,"69":4,"70":4,"71":4,"72":4,"73":4,"74":4,"75":4,"76":4,"77":4,"78":4,"79":2,"80":2,"81":2,"82":2,"83":2,"84":0,"85":0,"86":0,"87":4,"88":4,"89":4,"90":4,"91":2,"92":4,"93":4,"94":1,"95":1,"96":1,"97":1},"f":{"0":1,"1":0,"2":5,"3":1,"4":2,"5":12,"6":2,"7":7,"8":1,"9":1,"10":4,"11":24,"12":4},"b":{"0":[3,2],"1":[2,2,2,1,0,2,2,1,0,2],"2":[1,1],"3":[1,6],"4":[7,6],"5":[0,1],"6":[4,4,4,2,0,4,4,2,0,4],"7":[2,2]},"_coverageSchema":"43e27e138ebf9cfc5966b082cf9a028302ed4184","hash":"1b0f0ac01a988be4411f39ae7f69fe4109cd9ea6","contentHash":"ad95df6550d7be68b49b880b6c58f0af"},"/home/ned/Documents/Politico-latest/server/helpers/Helpers.js":{"path":"/home/ned/Documents/Politico-latest/server/helpers/Helpers.js","statementMap":{"0":{"start":{"line":3,"column":29},"end":{"line":3,"column":84}},"1":{"start":{"line":5,"column":0},"end":{"line":7,"column":3}},"2":{"start":{"line":8,"column":0},"end":{"line":8,"column":25}},"3":{"start":{"line":10,"column":23},"end":{"line":10,"column":95}},"4":{"start":{"line":12,"column":20},"end":{"line":12,"column":89}},"5":{"start":{"line":16,"column":0},"end":{"line":37,"column":3}},"6":{"start":{"line":18,"column":4},"end":{"line":18,"column":49}},"7":{"start":{"line":21,"column":2},"end":{"line":35,"column":6}},"8":{"start":{"line":24,"column":29},"end":{"line":24,"column":31}},"9":{"start":{"line":25,"column":6},"end":{"line":27,"column":9}},"10":{"start":{"line":26,"column":8},"end":{"line":26,"column":48}},"11":{"start":{"line":28,"column":6},"end":{"line":28,"column":30}},"12":{"start":{"line":33,"column":6},"end":{"line":33,"column":43}},"13":{"start":{"line":36,"column":2},"end":{"line":36,"column":17}},"14":{"start":{"line":39,"column":15},"end":{"line":39,"column":22}},"15":{"start":{"line":40,"column":0},"end":{"line":40,"column":27}}},"fnMap":{"0":{"name":"(anonymous_0)","decl":{"start":{"line":16,"column":0},"end":{"line":16,"column":1}},"loc":{"start":{"line":16,"column":12},"end":{"line":37,"column":1}},"line":16},"1":{"name":"Helpers","decl":{"start":{"line":17,"column":11},"end":{"line":17,"column":18}},"loc":{"start":{"line":17,"column":21},"end":{"line":19,"column":3}},"line":17},"2":{"name":"extractErrors","decl":{"start":{"line":23,"column":20},"end":{"line":23,"column":33}},"loc":{"start":{"line":23,"column":42},"end":{"line":29,"column":5}},"line":23},"3":{"name":"(anonymous_3)","decl":{"start":{"line":25,"column":17},"end":{"line":25,"column":18}},"loc":{"start":{"line":25,"column":34},"end":{"line":27,"column":7}},"line":25},"4":{"name":"isANumber","decl":{"start":{"line":32,"column":20},"end":{"line":32,"column":29}},"loc":{"start":{"line":32,"column":35},"end":{"line":34,"column":5}},"line":32}},"branchMap":{},"s":{"0":1,"1":1,"2":1,"3":1,"4":1,"5":1,"6":0,"7":1,"8":17,"9":17,"10":29,"11":17,"12":16,"13":1,"14":1,"15":1},"f":{"0":1,"1":0,"2":17,"3":29,"4":16},"b":{},"_coverageSchema":"43e27e138ebf9cfc5966b082cf9a028302ed4184","hash":"6a614447e5266055925ce29f09c265dcf0c27f23","contentHash":"93e1954134ff144670b9f883629927bb"},"/home/ned/Documents/Politico-latest/server/middlewares/AuthValidator.js":{"path":"/home/ned/Documents/Politico-latest/server/middlewares/AuthValidator.js","statementMap":{"0":{"start":{"line":3,"column":29},"end":{"line":3,"column":84}},"1":{"start":{"line":5,"column":0},"end":{"line":7,"column":3}},"2":{"start":{"line":8,"column":0},"end":{"line":8,"column":25}},"3":{"start":{"line":10,"column":19},"end":{"line":10,"column":80}},"4":{"start":{"line":12,"column":25},"end":{"line":12,"column":99}},"5":{"start":{"line":14,"column":23},"end":{"line":14,"column":95}},"6":{"start":{"line":16,"column":20},"end":{"line":16,"column":89}},"7":{"start":{"line":18,"column":20},"end":{"line":18,"column":67}},"8":{"start":{"line":20,"column":14},"end":{"line":20,"column":55}},"9":{"start":{"line":22,"column":15},"end":{"line":22,"column":68}},"10":{"start":{"line":24,"column":21},"end":{"line":24,"column":80}},"11":{"start":{"line":26,"column":18},"end":{"line":26,"column":73}},"12":{"start":{"line":28,"column":20},"end":{"line":28,"column":50}},"13":{"start":{"line":29,"column":18},"end":{"line":29,"column":52}},"14":{"start":{"line":31,"column":0},"end":{"line":31,"column":25}},"15":{"start":{"line":39,"column":0},"end":{"line":335,"column":3}},"16":{"start":{"line":41,"column":4},"end":{"line":41,"column":55}},"17":{"start":{"line":44,"column":2},"end":{"line":333,"column":6}},"18":{"start":{"line":54,"column":6},"end":{"line":54,"column":73}},"19":{"start":{"line":55,"column":6},"end":{"line":55,"column":124}},"20":{"start":{"line":56,"column":6},"end":{"line":58,"column":51}},"21":{"start":{"line":59,"column":6},"end":{"line":61,"column":66}},"22":{"start":{"line":62,"column":6},"end":{"line":62,"column":96}},"23":{"start":{"line":63,"column":19},"end":{"line":63,"column":41}},"24":{"start":{"line":65,"column":6},"end":{"line":70,"column":7}},"25":{"start":{"line":66,"column":8},"end":{"line":69,"column":11}},"26":{"start":{"line":72,"column":6},"end":{"line":72,"column":20}},"27":{"start":{"line":77,"column":24},"end":{"line":136,"column":9}},"28":{"start":{"line":81,"column":8},"end":{"line":135,"column":45}},"29":{"start":{"line":82,"column":10},"end":{"line":134,"column":11}},"30":{"start":{"line":83,"column":12},"end":{"line":133,"column":13}},"31":{"start":{"line":85,"column":16},"end":{"line":85,"column":39}},"32":{"start":{"line":86,"column":16},"end":{"line":86,"column":66}},"33":{"start":{"line":87,"column":16},"end":{"line":87,"column":33}},"34":{"start":{"line":88,"column":16},"end":{"line":88,"column":34}},"35":{"start":{"line":89,"column":16},"end":{"line":89,"column":53}},"36":{"start":{"line":92,"column":16},"end":{"line":92,"column":39}},"37":{"start":{"line":93,"column":16},"end":{"line":93,"column":34}},"38":{"start":{"line":94,"column":16},"end":{"line":94,"column":34}},"39":{"start":{"line":95,"column":16},"end":{"line":98,"column":19}},"40":{"start":{"line":101,"column":16},"end":{"line":101,"column":37}},"41":{"start":{"line":103,"column":16},"end":{"line":106,"column":17}},"42":{"start":{"line":104,"column":18},"end":{"line":104,"column":37}},"43":{"start":{"line":105,"column":18},"end":{"line":105,"column":24}},"44":{"start":{"line":108,"column":16},"end":{"line":111,"column":20}},"45":{"start":{"line":114,"column":16},"end":{"line":114,"column":35}},"46":{"start":{"line":115,"column":16},"end":{"line":115,"column":22}},"47":{"start":{"line":118,"column":16},"end":{"line":118,"column":35}},"48":{"start":{"line":119,"column":16},"end":{"line":119,"column":51}},"49":{"start":{"line":120,"column":16},"end":{"line":120,"column":41}},"50":{"start":{"line":123,"column":16},"end":{"line":123,"column":35}},"51":{"start":{"line":124,"column":16},"end":{"line":124,"column":33}},"52":{"start":{"line":125,"column":16},"end":{"line":125,"column":43}},"53":{"start":{"line":128,"column":16},"end":{"line":128,"column":57}},"54":{"start":{"line":132,"column":16},"end":{"line":132,"column":39}},"55":{"start":{"line":139,"column":8},"end":{"line":139,"column":50}},"56":{"start":{"line":142,"column":6},"end":{"line":142,"column":24}},"57":{"start":{"line":147,"column":27},"end":{"line":206,"column":9}},"58":{"start":{"line":151,"column":8},"end":{"line":205,"column":46}},"59":{"start":{"line":152,"column":10},"end":{"line":204,"column":11}},"60":{"start":{"line":153,"column":12},"end":{"line":203,"column":13}},"61":{"start":{"line":155,"column":16},"end":{"line":155,"column":39}},"62":{"start":{"line":156,"column":16},"end":{"line":156,"column":66}},"63":{"start":{"line":157,"column":16},"end":{"line":157,"column":33}},"64":{"start":{"line":158,"column":16},"end":{"line":158,"column":35}},"65":{"start":{"line":159,"column":16},"end":{"line":159,"column":53}},"66":{"start":{"line":162,"column":16},"end":{"line":162,"column":40}},"67":{"start":{"line":163,"column":16},"end":{"line":163,"column":35}},"68":{"start":{"line":164,"column":16},"end":{"line":164,"column":35}},"69":{"start":{"line":165,"column":16},"end":{"line":168,"column":19}},"70":{"start":{"line":171,"column":16},"end":{"line":171,"column":38}},"71":{"start":{"line":173,"column":16},"end":{"line":176,"column":17}},"72":{"start":{"line":174,"column":18},"end":{"line":174,"column":38}},"73":{"start":{"line":175,"column":18},"end":{"line":175,"column":24}},"74":{"start":{"line":178,"column":16},"end":{"line":181,"column":20}},"75":{"start":{"line":184,"column":16},"end":{"line":184,"column":36}},"76":{"start":{"line":185,"column":16},"end":{"line":185,"column":22}},"77":{"start":{"line":188,"column":16},"end":{"line":188,"column":36}},"78":{"start":{"line":189,"column":16},"end":{"line":189,"column":53}},"79":{"start":{"line":190,"column":16},"end":{"line":190,"column":42}},"80":{"start":{"line":193,"column":16},"end":{"line":193,"column":36}},"81":{"start":{"line":194,"column":16},"end":{"line":194,"column":33}},"82":{"start":{"line":195,"column":16},"end":{"line":195,"column":44}},"83":{"start":{"line":198,"column":16},"end":{"line":198,"column":58}},"84":{"start":{"line":202,"column":16},"end":{"line":202,"column":40}},"85":{"start":{"line":209,"column":8},"end":{"line":209,"column":53}},"86":{"start":{"line":212,"column":6},"end":{"line":212,"column":27}},"87":{"start":{"line":217,"column":6},"end":{"line":217,"column":103}},"88":{"start":{"line":218,"column":6},"end":{"line":218,"column":70}},"89":{"start":{"line":219,"column":19},"end":{"line":219,"column":41}},"90":{"start":{"line":221,"column":6},"end":{"line":226,"column":7}},"91":{"start":{"line":222,"column":8},"end":{"line":225,"column":11}},"92":{"start":{"line":228,"column":6},"end":{"line":228,"column":20}},"93":{"start":{"line":233,"column":6},"end":{"line":256,"column":7}},"94":{"start":{"line":234,"column":28},"end":{"line":234,"column":88}},"95":{"start":{"line":236,"column":8},"end":{"line":241,"column":9}},"96":{"start":{"line":237,"column":10},"end":{"line":240,"column":13}},"97":{"start":{"line":243,"column":28},"end":{"line":243,"column":54}},"98":{"start":{"line":245,"column":8},"end":{"line":250,"column":9}},"99":{"start":{"line":246,"column":10},"end":{"line":249,"column":13}},"100":{"start":{"line":252,"column":8},"end":{"line":255,"column":11}},"101":{"start":{"line":258,"column":6},"end":{"line":258,"column":20}},"102":{"start":{"line":263,"column":6},"end":{"line":286,"column":7}},"103":{"start":{"line":264,"column":28},"end":{"line":264,"column":88}},"104":{"start":{"line":266,"column":8},"end":{"line":271,"column":9}},"105":{"start":{"line":267,"column":10},"end":{"line":270,"column":13}},"106":{"start":{"line":273,"column":28},"end":{"line":273,"column":54}},"107":{"start":{"line":275,"column":8},"end":{"line":280,"column":9}},"108":{"start":{"line":276,"column":10},"end":{"line":279,"column":13}},"109":{"start":{"line":282,"column":8},"end":{"line":285,"column":11}},"110":{"start":{"line":288,"column":6},"end":{"line":288,"column":20}},"111":{"start":{"line":304,"column":6},"end":{"line":331,"column":7}},"112":{"start":{"line":306,"column":8},"end":{"line":306,"column":157}},"113":{"start":{"line":306,"column":31},"end":{"line":306,"column":65}},"114":{"start":{"line":306,"column":70},"end":{"line":306,"column":157}},"115":{"start":{"line":306,"column":101},"end":{"line":306,"column":157}},"116":{"start":{"line":308,"column":8},"end":{"line":313,"column":9}},"117":{"start":{"line":309,"column":10},"end":{"line":312,"column":13}},"118":{"start":{"line":315,"column":8},"end":{"line":325,"column":11}},"119":{"start":{"line":316,"column":10},"end":{"line":321,"column":11}},"120":{"start":{"line":317,"column":12},"end":{"line":320,"column":15}},"121":{"start":{"line":323,"column":10},"end":{"line":323,"column":35}},"122":{"start":{"line":324,"column":10},"end":{"line":324,"column":17}},"123":{"start":{"line":327,"column":8},"end":{"line":330,"column":11}},"124":{"start":{"line":334,"column":2},"end":{"line":334,"column":23}},"125":{"start":{"line":337,"column":15},"end":{"line":337,"column":28}},"126":{"start":{"line":338,"column":0},"end":{"line":338,"column":27}}},"fnMap":{"0":{"name":"(anonymous_0)","decl":{"start":{"line":39,"column":0},"end":{"line":39,"column":1}},"loc":{"start":{"line":39,"column":12},"end":{"line":335,"column":1}},"line":39},"1":{"name":"AuthValidator","decl":{"start":{"line":40,"column":11},"end":{"line":40,"column":24}},"loc":{"start":{"line":40,"column":27},"end":{"line":42,"column":3}},"line":40},"2":{"name":"validateSignUp","decl":{"start":{"line":53,"column":20},"end":{"line":53,"column":34}},"loc":{"start":{"line":53,"column":51},"end":{"line":73,"column":5}},"line":53},"3":{"name":"(anonymous_3)","decl":{"start":{"line":76,"column":11},"end":{"line":76,"column":12}},"loc":{"start":{"line":76,"column":23},"end":{"line":143,"column":5}},"line":76},"4":{"name":"_callee","decl":{"start":{"line":79,"column":41},"end":{"line":79,"column":48}},"loc":{"start":{"line":79,"column":65},"end":{"line":136,"column":7}},"line":79},"5":{"name":"_callee$","decl":{"start":{"line":81,"column":50},"end":{"line":81,"column":58}},"loc":{"start":{"line":81,"column":69},"end":{"line":135,"column":9}},"line":81},"6":{"name":"userExists","decl":{"start":{"line":138,"column":15},"end":{"line":138,"column":25}},"loc":{"start":{"line":138,"column":40},"end":{"line":140,"column":7}},"line":138},"7":{"name":"(anonymous_7)","decl":{"start":{"line":146,"column":11},"end":{"line":146,"column":12}},"loc":{"start":{"line":146,"column":23},"end":{"line":213,"column":5}},"line":146},"8":{"name":"_callee2","decl":{"start":{"line":149,"column":41},"end":{"line":149,"column":49}},"loc":{"start":{"line":149,"column":66},"end":{"line":206,"column":7}},"line":149},"9":{"name":"_callee2$","decl":{"start":{"line":151,"column":50},"end":{"line":151,"column":59}},"loc":{"start":{"line":151,"column":71},"end":{"line":205,"column":9}},"line":151},"10":{"name":"validatePhone","decl":{"start":{"line":208,"column":15},"end":{"line":208,"column":28}},"loc":{"start":{"line":208,"column":44},"end":{"line":210,"column":7}},"line":208},"11":{"name":"validateLogin","decl":{"start":{"line":216,"column":20},"end":{"line":216,"column":33}},"loc":{"start":{"line":216,"column":50},"end":{"line":229,"column":5}},"line":216},"12":{"name":"isAuthenticated","decl":{"start":{"line":232,"column":20},"end":{"line":232,"column":35}},"loc":{"start":{"line":232,"column":52},"end":{"line":259,"column":5}},"line":232},"13":{"name":"isAdmin","decl":{"start":{"line":262,"column":20},"end":{"line":262,"column":27}},"loc":{"start":{"line":262,"column":44},"end":{"line":289,"column":5}},"line":262},"14":{"name":"checkToken","decl":{"start":{"line":303,"column":20},"end":{"line":303,"column":30}},"loc":{"start":{"line":303,"column":47},"end":{"line":332,"column":5}},"line":303},"15":{"name":"(anonymous_15)","decl":{"start":{"line":315,"column":72},"end":{"line":315,"column":73}},"loc":{"start":{"line":315,"column":96},"end":{"line":325,"column":9}},"line":315}},"branchMap":{"0":{"loc":{"start":{"line":65,"column":6},"end":{"line":70,"column":7}},"type":"if","locations":[{"start":{"line":65,"column":6},"end":{"line":70,"column":7}},{"start":{"line":65,"column":6},"end":{"line":70,"column":7}}],"line":65},"1":{"loc":{"start":{"line":83,"column":12},"end":{"line":133,"column":13}},"type":"switch","locations":[{"start":{"line":84,"column":14},"end":{"line":89,"column":53}},{"start":{"line":91,"column":14},"end":{"line":98,"column":19}},{"start":{"line":100,"column":14},"end":{"line":111,"column":20}},{"start":{"line":113,"column":14},"end":{"line":115,"column":22}},{"start":{"line":117,"column":14},"end":{"line":120,"column":41}},{"start":{"line":122,"column":14},"end":{"line":125,"column":43}},{"start":{"line":127,"column":14},"end":{"line":128,"column":57}},{"start":{"line":130,"column":14},"end":{"line":130,"column":22}},{"start":{"line":131,"column":14},"end":{"line":132,"column":39}}],"line":83},"2":{"loc":{"start":{"line":103,"column":16},"end":{"line":106,"column":17}},"type":"if","locations":[{"start":{"line":103,"column":16},"end":{"line":106,"column":17}},{"start":{"line":103,"column":16},"end":{"line":106,"column":17}}],"line":103},"3":{"loc":{"start":{"line":103,"column":22},"end":{"line":103,"column":48}},"type":"binary-expr","locations":[{"start":{"line":103,"column":22},"end":{"line":103,"column":31}},{"start":{"line":103,"column":35},"end":{"line":103,"column":48}}],"line":103},"4":{"loc":{"start":{"line":153,"column":12},"end":{"line":203,"column":13}},"type":"switch","locations":[{"start":{"line":154,"column":14},"end":{"line":159,"column":53}},{"start":{"line":161,"column":14},"end":{"line":168,"column":19}},{"start":{"line":170,"column":14},"end":{"line":181,"column":20}},{"start":{"line":183,"column":14},"end":{"line":185,"column":22}},{"start":{"line":187,"column":14},"end":{"line":190,"column":42}},{"start":{"line":192,"column":14},"end":{"line":195,"column":44}},{"start":{"line":197,"column":14},"end":{"line":198,"column":58}},{"start":{"line":200,"column":14},"end":{"line":200,"column":22}},{"start":{"line":201,"column":14},"end":{"line":202,"column":40}}],"line":153},"5":{"loc":{"start":{"line":173,"column":16},"end":{"line":176,"column":17}},"type":"if","locations":[{"start":{"line":173,"column":16},"end":{"line":176,"column":17}},{"start":{"line":173,"column":16},"end":{"line":176,"column":17}}],"line":173},"6":{"loc":{"start":{"line":173,"column":22},"end":{"line":173,"column":48}},"type":"binary-expr","locations":[{"start":{"line":173,"column":22},"end":{"line":173,"column":31}},{"start":{"line":173,"column":35},"end":{"line":173,"column":48}}],"line":173},"7":{"loc":{"start":{"line":221,"column":6},"end":{"line":226,"column":7}},"type":"if","locations":[{"start":{"line":221,"column":6},"end":{"line":226,"column":7}},{"start":{"line":221,"column":6},"end":{"line":226,"column":7}}],"line":221},"8":{"loc":{"start":{"line":234,"column":28},"end":{"line":234,"column":88}},"type":"binary-expr","locations":[{"start":{"line":234,"column":28},"end":{"line":234,"column":67}},{"start":{"line":234,"column":71},"end":{"line":234,"column":88}}],"line":234},"9":{"loc":{"start":{"line":236,"column":8},"end":{"line":241,"column":9}},"type":"if","locations":[{"start":{"line":236,"column":8},"end":{"line":241,"column":9}},{"start":{"line":236,"column":8},"end":{"line":241,"column":9}}],"line":236},"10":{"loc":{"start":{"line":245,"column":8},"end":{"line":250,"column":9}},"type":"if","locations":[{"start":{"line":245,"column":8},"end":{"line":250,"column":9}},{"start":{"line":245,"column":8},"end":{"line":250,"column":9}}],"line":245},"11":{"loc":{"start":{"line":264,"column":28},"end":{"line":264,"column":88}},"type":"binary-expr","locations":[{"start":{"line":264,"column":28},"end":{"line":264,"column":67}},{"start":{"line":264,"column":71},"end":{"line":264,"column":88}}],"line":264},"12":{"loc":{"start":{"line":266,"column":8},"end":{"line":271,"column":9}},"type":"if","locations":[{"start":{"line":266,"column":8},"end":{"line":271,"column":9}},{"start":{"line":266,"column":8},"end":{"line":271,"column":9}}],"line":266},"13":{"loc":{"start":{"line":275,"column":8},"end":{"line":280,"column":9}},"type":"if","locations":[{"start":{"line":275,"column":8},"end":{"line":280,"column":9}},{"start":{"line":275,"column":8},"end":{"line":280,"column":9}}],"line":275},"14":{"loc":{"start":{"line":306,"column":8},"end":{"line":306,"column":157}},"type":"if","locations":[{"start":{"line":306,"column":8},"end":{"line":306,"column":157}},{"start":{"line":306,"column":8},"end":{"line":306,"column":157}}],"line":306},"15":{"loc":{"start":{"line":306,"column":70},"end":{"line":306,"column":157}},"type":"if","locations":[{"start":{"line":306,"column":70},"end":{"line":306,"column":157}},{"start":{"line":306,"column":70},"end":{"line":306,"column":157}}],"line":306},"16":{"loc":{"start":{"line":308,"column":8},"end":{"line":313,"column":9}},"type":"if","locations":[{"start":{"line":308,"column":8},"end":{"line":313,"column":9}},{"start":{"line":308,"column":8},"end":{"line":313,"column":9}}],"line":308},"17":{"loc":{"start":{"line":316,"column":10},"end":{"line":321,"column":11}},"type":"if","locations":[{"start":{"line":316,"column":10},"end":{"line":321,"column":11}},{"start":{"line":316,"column":10},"end":{"line":321,"column":11}}],"line":316}},"s":{"0":1,"1":1,"2":1,"3":1,"4":1,"5":1,"6":1,"7":1,"8":1,"9":1,"10":1,"11":1,"12":1,"13":1,"14":1,"15":1,"16":0,"17":1,"18":6,"19":6,"20":6,"21":6,"22":6,"23":6,"24":6,"25":4,"26":2,"27":1,"28":2,"29":10,"30":14,"31":2,"32":2,"33":2,"34":2,"35":2,"36":2,"37":2,"38":2,"39":2,"40":2,"41":2,"42":2,"43":2,"44":0,"45":2,"46":2,"47":0,"48":0,"49":0,"50":2,"51":2,"52":2,"53":2,"54":2,"55":2,"56":1,"57":1,"58":2,"59":10,"60":14,"61":2,"62":2,"63":2,"64":2,"65":2,"66":2,"67":2,"68":2,"69":2,"70":2,"71":2,"72":2,"73":2,"74":0,"75":2,"76":2,"77":0,"78":0,"79":0,"80":2,"81":2,"82":2,"83":2,"84":2,"85":2,"86":1,"87":5,"88":5,"89":5,"90":5,"91":2,"92":3,"93":0,"94":0,"95":0,"96":0,"97":0,"98":0,"99":0,"100":0,"101":0,"102":8,"103":8,"104":7,"105":0,"106":7,"107":7,"108":0,"109":1,"110":7,"111":8,"112":8,"113":7,"114":1,"115":0,"116":8,"117":1,"118":7,"119":7,"120":0,"121":7,"122":7,"123":0,"124":1,"125":1,"126":1},"f":{"0":1,"1":0,"2":6,"3":1,"4":2,"5":10,"6":2,"7":1,"8":2,"9":10,"10":2,"11":5,"12":0,"13":8,"14":8,"15":7},"b":{"0":[4,2],"1":[2,2,2,2,0,2,2,0,2],"2":[2,0],"3":[2,2],"4":[2,2,2,2,0,2,2,0,2],"5":[2,0],"6":[2,2],"7":[2,3],"8":[0,0],"9":[0,0],"10":[0,0],"11":[8,7],"12":[0,7],"13":[0,7],"14":[7,1],"15":[0,1],"16":[1,7],"17":[0,7]},"_coverageSchema":"43e27e138ebf9cfc5966b082cf9a028302ed4184","hash":"9c32590cff5cdca53e5dbfb7ac122fa48256e69d","contentHash":"04b1d5b1f20a993a905fc8cd3b3868b1"},"/home/ned/Documents/Politico-latest/server/helpers/Authenticator.js":{"path":"/home/ned/Documents/Politico-latest/server/helpers/Authenticator.js","statementMap":{"0":{"start":{"line":3,"column":29},"end":{"line":3,"column":84}},"1":{"start":{"line":5,"column":0},"end":{"line":7,"column":3}},"2":{"start":{"line":8,"column":0},"end":{"line":8,"column":25}},"3":{"start":{"line":10,"column":23},"end":{"line":10,"column":95}},"4":{"start":{"line":12,"column":20},"end":{"line":12,"column":89}},"5":{"start":{"line":14,"column":20},"end":{"line":14,"column":67}},"6":{"start":{"line":16,"column":14},"end":{"line":16,"column":55}},"7":{"start":{"line":18,"column":0},"end":{"line":18,"column":25}},"8":{"start":{"line":20,"column":13},"end":{"line":20,"column":31}},"9":{"start":{"line":27,"column":0},"end":{"line":58,"column":3}},"10":{"start":{"line":29,"column":4},"end":{"line":29,"column":55}},"11":{"start":{"line":32,"column":2},"end":{"line":56,"column":6}},"12":{"start":{"line":41,"column":6},"end":{"line":43,"column":9}},"13":{"start":{"line":54,"column":6},"end":{"line":54,"column":57}},"14":{"start":{"line":57,"column":2},"end":{"line":57,"column":23}},"15":{"start":{"line":60,"column":15},"end":{"line":60,"column":28}},"16":{"start":{"line":61,"column":0},"end":{"line":61,"column":27}}},"fnMap":{"0":{"name":"(anonymous_0)","decl":{"start":{"line":27,"column":0},"end":{"line":27,"column":1}},"loc":{"start":{"line":27,"column":12},"end":{"line":58,"column":1}},"line":27},"1":{"name":"Authenticator","decl":{"start":{"line":28,"column":11},"end":{"line":28,"column":24}},"loc":{"start":{"line":28,"column":27},"end":{"line":30,"column":3}},"line":28},"2":{"name":"generateToken","decl":{"start":{"line":40,"column":20},"end":{"line":40,"column":33}},"loc":{"start":{"line":40,"column":43},"end":{"line":44,"column":5}},"line":40},"3":{"name":"verifyToken","decl":{"start":{"line":53,"column":20},"end":{"line":53,"column":31}},"loc":{"start":{"line":53,"column":39},"end":{"line":55,"column":5}},"line":53}},"branchMap":{},"s":{"0":1,"1":1,"2":1,"3":1,"4":1,"5":1,"6":1,"7":1,"8":1,"9":1,"10":0,"11":1,"12":4,"13":8,"14":1,"15":1,"16":1},"f":{"0":1,"1":0,"2":4,"3":8},"b":{},"_coverageSchema":"43e27e138ebf9cfc5966b082cf9a028302ed4184","hash":"4f1c233f09ff6769f864871b62a8b2872b6abbcc","contentHash":"3ff8d963be11cd4e50d5fd671fb57cd2"},"/home/ned/Documents/Politico-latest/server/controllers/UserController.js":{"path":"/home/ned/Documents/Politico-latest/server/controllers/UserController.js","statementMap":{"0":{"start":{"line":3,"column":29},"end":{"line":3,"column":84}},"1":{"start":{"line":5,"column":0},"end":{"line":7,"column":3}},"2":{"start":{"line":8,"column":0},"end":{"line":8,"column":25}},"3":{"start":{"line":10,"column":19},"end":{"line":10,"column":80}},"4":{"start":{"line":12,"column":25},"end":{"line":12,"column":99}},"5":{"start":{"line":14,"column":23},"end":{"line":14,"column":95}},"6":{"start":{"line":16,"column":20},"end":{"line":16,"column":89}},"7":{"start":{"line":18,"column":20},"end":{"line":18,"column":68}},"8":{"start":{"line":20,"column":21},"end":{"line":20,"column":80}},"9":{"start":{"line":22,"column":18},"end":{"line":22,"column":73}},"10":{"start":{"line":24,"column":20},"end":{"line":24,"column":56}},"11":{"start":{"line":33,"column":0},"end":{"line":259,"column":3}},"12":{"start":{"line":35,"column":4},"end":{"line":35,"column":56}},"13":{"start":{"line":38,"column":2},"end":{"line":257,"column":6}},"14":{"start":{"line":51,"column":27},"end":{"line":141,"column":9}},"15":{"start":{"line":56,"column":8},"end":{"line":140,"column":45}},"16":{"start":{"line":57,"column":10},"end":{"line":139,"column":11}},"17":{"start":{"line":58,"column":12},"end":{"line":138,"column":13}},"18":{"start":{"line":60,"column":16},"end":{"line":60,"column":34}},"19":{"start":{"line":61,"column":16},"end":{"line":61,"column":53}},"20":{"start":{"line":64,"column":16},"end":{"line":64,"column":39}},"21":{"start":{"line":65,"column":16},"end":{"line":65,"column":34}},"22":{"start":{"line":66,"column":16},"end":{"line":66,"column":281}},"23":{"start":{"line":67,"column":16},"end":{"line":67,"column":74}},"24":{"start":{"line":68,"column":16},"end":{"line":68,"column":284}},"25":{"start":{"line":69,"column":16},"end":{"line":69,"column":110}},"26":{"start":{"line":70,"column":16},"end":{"line":70,"column":35}},"27":{"start":{"line":71,"column":16},"end":{"line":74,"column":19}},"28":{"start":{"line":77,"column":16},"end":{"line":77,"column":37}},"29":{"start":{"line":79,"column":16},"end":{"line":82,"column":17}},"30":{"start":{"line":80,"column":18},"end":{"line":80,"column":37}},"31":{"start":{"line":81,"column":18},"end":{"line":81,"column":24}},"32":{"start":{"line":84,"column":16},"end":{"line":84,"column":36}},"33":{"start":{"line":85,"column":16},"end":{"line":85,"column":69}},"34":{"start":{"line":86,"column":16},"end":{"line":86,"column":35}},"35":{"start":{"line":87,"column":16},"end":{"line":90,"column":19}},"36":{"start":{"line":93,"column":16},"end":{"line":93,"column":38}},"37":{"start":{"line":94,"column":16},"end":{"line":100,"column":20}},"38":{"start":{"line":103,"column":16},"end":{"line":103,"column":35}},"39":{"start":{"line":104,"column":16},"end":{"line":104,"column":22}},"40":{"start":{"line":107,"column":16},"end":{"line":107,"column":35}},"41":{"start":{"line":108,"column":16},"end":{"line":108,"column":51}},"42":{"start":{"line":109,"column":16},"end":{"line":109,"column":52}},"43":{"start":{"line":111,"column":16},"end":{"line":114,"column":17}},"44":{"start":{"line":112,"column":18},"end":{"line":112,"column":37}},"45":{"start":{"line":113,"column":18},"end":{"line":113,"column":24}},"46":{"start":{"line":116,"column":16},"end":{"line":119,"column":20}},"47":{"start":{"line":122,"column":16},"end":{"line":125,"column":20}},"48":{"start":{"line":128,"column":16},"end":{"line":128,"column":35}},"49":{"start":{"line":129,"column":16},"end":{"line":129,"column":35}},"50":{"start":{"line":130,"column":16},"end":{"line":130,"column":40}},"51":{"start":{"line":133,"column":16},"end":{"line":133,"column":43}},"52":{"start":{"line":137,"column":16},"end":{"line":137,"column":39}},"53":{"start":{"line":144,"column":8},"end":{"line":144,"column":53}},"54":{"start":{"line":147,"column":6},"end":{"line":147,"column":27}},"55":{"start":{"line":162,"column":23},"end":{"line":249,"column":9}},"56":{"start":{"line":167,"column":8},"end":{"line":248,"column":46}},"57":{"start":{"line":168,"column":10},"end":{"line":247,"column":11}},"58":{"start":{"line":169,"column":12},"end":{"line":246,"column":13}},"59":{"start":{"line":171,"column":16},"end":{"line":171,"column":96}},"60":{"start":{"line":172,"column":16},"end":{"line":172,"column":66}},"61":{"start":{"line":173,"column":16},"end":{"line":173,"column":33}},"62":{"start":{"line":174,"column":16},"end":{"line":174,"column":35}},"63":{"start":{"line":175,"column":16},"end":{"line":175,"column":53}},"64":{"start":{"line":178,"column":16},"end":{"line":178,"column":40}},"65":{"start":{"line":179,"column":16},"end":{"line":179,"column":35}},"66":{"start":{"line":180,"column":16},"end":{"line":180,"column":35}},"67":{"start":{"line":181,"column":16},"end":{"line":184,"column":19}},"68":{"start":{"line":187,"column":16},"end":{"line":187,"column":38}},"69":{"start":{"line":189,"column":16},"end":{"line":192,"column":17}},"70":{"start":{"line":190,"column":18},"end":{"line":190,"column":38}},"71":{"start":{"line":191,"column":18},"end":{"line":191,"column":24}},"72":{"start":{"line":194,"column":16},"end":{"line":194,"column":36}},"73":{"start":{"line":196,"column":16},"end":{"line":199,"column":17}},"74":{"start":{"line":197,"column":18},"end":{"line":197,"column":38}},"75":{"start":{"line":198,"column":18},"end":{"line":198,"column":24}},"76":{"start":{"line":201,"column":16},"end":{"line":201,"column":72}},"77":{"start":{"line":202,"column":16},"end":{"line":202,"column":36}},"78":{"start":{"line":203,"column":16},"end":{"line":206,"column":19}},"79":{"start":{"line":209,"column":16},"end":{"line":209,"column":39}},"80":{"start":{"line":210,"column":16},"end":{"line":216,"column":20}},"81":{"start":{"line":219,"column":16},"end":{"line":222,"column":20}},"82":{"start":{"line":225,"column":16},"end":{"line":228,"column":20}},"83":{"start":{"line":231,"column":16},"end":{"line":231,"column":36}},"84":{"start":{"line":232,"column":16},"end":{"line":232,"column":53}},"85":{"start":{"line":233,"column":16},"end":{"line":236,"column":20}},"86":{"start":{"line":239,"column":16},"end":{"line":239,"column":36}},"87":{"start":{"line":240,"column":16},"end":{"line":240,"column":33}},"88":{"start":{"line":241,"column":16},"end":{"line":241,"column":44}},"89":{"start":{"line":245,"column":16},"end":{"line":245,"column":40}},"90":{"start":{"line":252,"column":8},"end":{"line":252,"column":49}},"91":{"start":{"line":255,"column":6},"end":{"line":255,"column":23}},"92":{"start":{"line":258,"column":2},"end":{"line":258,"column":24}},"93":{"start":{"line":261,"column":15},"end":{"line":261,"column":29}},"94":{"start":{"line":262,"column":0},"end":{"line":262,"column":27}}},"fnMap":{"0":{"name":"(anonymous_0)","decl":{"start":{"line":33,"column":0},"end":{"line":33,"column":1}},"loc":{"start":{"line":33,"column":12},"end":{"line":259,"column":1}},"line":33},"1":{"name":"UserController","decl":{"start":{"line":34,"column":11},"end":{"line":34,"column":25}},"loc":{"start":{"line":34,"column":28},"end":{"line":36,"column":3}},"line":34},"2":{"name":"(anonymous_2)","decl":{"start":{"line":50,"column":11},"end":{"line":50,"column":12}},"loc":{"start":{"line":50,"column":23},"end":{"line":148,"column":5}},"line":50},"3":{"name":"_callee","decl":{"start":{"line":53,"column":41},"end":{"line":53,"column":48}},"loc":{"start":{"line":53,"column":59},"end":{"line":141,"column":7}},"line":53},"4":{"name":"_callee$","decl":{"start":{"line":56,"column":50},"end":{"line":56,"column":58}},"loc":{"start":{"line":56,"column":69},"end":{"line":140,"column":9}},"line":56},"5":{"name":"createAccount","decl":{"start":{"line":143,"column":15},"end":{"line":143,"column":28}},"loc":{"start":{"line":143,"column":38},"end":{"line":145,"column":7}},"line":143},"6":{"name":"(anonymous_6)","decl":{"start":{"line":161,"column":11},"end":{"line":161,"column":12}},"loc":{"start":{"line":161,"column":23},"end":{"line":256,"column":5}},"line":161},"7":{"name":"_callee2","decl":{"start":{"line":164,"column":41},"end":{"line":164,"column":49}},"loc":{"start":{"line":164,"column":60},"end":{"line":249,"column":7}},"line":164},"8":{"name":"_callee2$","decl":{"start":{"line":167,"column":50},"end":{"line":167,"column":59}},"loc":{"start":{"line":167,"column":71},"end":{"line":248,"column":9}},"line":167},"9":{"name":"loginUser","decl":{"start":{"line":251,"column":15},"end":{"line":251,"column":24}},"loc":{"start":{"line":251,"column":35},"end":{"line":253,"column":7}},"line":251}},"branchMap":{"0":{"loc":{"start":{"line":58,"column":12},"end":{"line":138,"column":13}},"type":"switch","locations":[{"start":{"line":59,"column":14},"end":{"line":61,"column":53}},{"start":{"line":63,"column":14},"end":{"line":74,"column":19}},{"start":{"line":76,"column":14},"end":{"line":90,"column":19}},{"start":{"line":92,"column":14},"end":{"line":100,"column":20}},{"start":{"line":102,"column":14},"end":{"line":104,"column":22}},{"start":{"line":106,"column":14},"end":{"line":119,"column":20}},{"start":{"line":121,"column":14},"end":{"line":125,"column":20}},{"start":{"line":127,"column":14},"end":{"line":130,"column":40}},{"start":{"line":132,"column":14},"end":{"line":133,"column":43}},{"start":{"line":135,"column":14},"end":{"line":135,"column":22}},{"start":{"line":136,"column":14},"end":{"line":137,"column":39}}],"line":58},"1":{"loc":{"start":{"line":79,"column":16},"end":{"line":82,"column":17}},"type":"if","locations":[{"start":{"line":79,"column":16},"end":{"line":82,"column":17}},{"start":{"line":79,"column":16},"end":{"line":82,"column":17}}],"line":79},"2":{"loc":{"start":{"line":111,"column":16},"end":{"line":114,"column":17}},"type":"if","locations":[{"start":{"line":111,"column":16},"end":{"line":114,"column":17}},{"start":{"line":111,"column":16},"end":{"line":114,"column":17}}],"line":111},"3":{"loc":{"start":{"line":169,"column":12},"end":{"line":246,"column":13}},"type":"switch","locations":[{"start":{"line":17
[...]
91}},"166":{"start":{"line":490,"column":16},"end":{"line":490,"column":35}},"167":{"start":{"line":491,"column":16},"end":{"line":491,"column":53}},"168":{"start":{"line":494,"column":16},"end":{"line":494,"column":40}},"169":{"start":{"line":495,"column":16},"end":{"line":495,"column":35}},"170":{"start":{"line":496,"column":16},"end":{"line":499,"column":18}},"171":{"start":{"line":500,"column":16},"end":{"line":500,"column":35}},"172":{"start":{"line":501,"column":16},"end":{"line":501,"column":46}},"173":{"start":{"line":504,"column":16},"end":{"line":504,"column":49}},"174":{"start":{"line":506,"column":16},"end":{"line":509,"column":17}},"175":{"start":{"line":507,"column":18},"end":{"line":507,"column":38}},"176":{"start":{"line":508,"column":18},"end":{"line":508,"column":24}},"177":{"start":{"line":511,"column":16},"end":{"line":514,"column":20}},"178":{"start":{"line":517,"column":16},"end":{"line":517,"column":36}},"179":{"start":{"line":518,"column":16},"end":{"line":518,"column":22}},"180":{"start":{"line":521,"column":16},"end":{"line":521,"column":36}},"181":{"start":{"line":522,"column":16},"end":{"line":522,"column":53}},"182":{"start":{"line":523,"column":16},"end":{"line":523,"column":35}},"183":{"start":{"line":526,"column":16},"end":{"line":526,"column":36}},"184":{"start":{"line":527,"column":16},"end":{"line":527,"column":36}},"185":{"start":{"line":528,"column":16},"end":{"line":528,"column":40}},"186":{"start":{"line":531,"column":16},"end":{"line":531,"column":44}},"187":{"start":{"line":534,"column":16},"end":{"line":534,"column":23}},"188":{"start":{"line":538,"column":16},"end":{"line":538,"column":40}},"189":{"start":{"line":545,"column":8},"end":{"line":545,"column":60}},"190":{"start":{"line":548,"column":6},"end":{"line":548,"column":34}},"191":{"start":{"line":553,"column":27},"end":{"line":615,"column":9}},"192":{"start":{"line":558,"column":8},"end":{"line":614,"column":46}},"193":{"start":{"line":559,"column":10},"end":{"line":613,"column":11}},"194":{"start":{"line":560,"column":12},"end":{"line":612,"column":13}},"195":{"start":{"line":562,"column":16},"end":{"line":562,"column":100}},"196":{"start":{"line":563,"column":16},"end":{"line":563,"column":35}},"197":{"start":{"line":564,"column":16},"end":{"line":564,"column":53}},"198":{"start":{"line":567,"column":16},"end":{"line":567,"column":40}},"199":{"start":{"line":568,"column":16},"end":{"line":568,"column":35}},"200":{"start":{"line":569,"column":16},"end":{"line":572,"column":18}},"201":{"start":{"line":573,"column":16},"end":{"line":573,"column":35}},"202":{"start":{"line":574,"column":16},"end":{"line":574,"column":46}},"203":{"start":{"line":577,"column":16},"end":{"line":577,"column":44}},"204":{"start":{"line":579,"column":16},"end":{"line":582,"column":17}},"205":{"start":{"line":580,"column":18},"end":{"line":580,"column":38}},"206":{"start":{"line":581,"column":18},"end":{"line":581,"column":24}},"207":{"start":{"line":584,"column":16},"end":{"line":587,"column":20}},"208":{"start":{"line":590,"column":16},"end":{"line":590,"column":36}},"209":{"start":{"line":591,"column":16},"end":{"line":591,"column":22}},"210":{"start":{"line":594,"column":16},"end":{"line":594,"column":36}},"211":{"start":{"line":595,"column":16},"end":{"line":595,"column":53}},"212":{"start":{"line":596,"column":16},"end":{"line":596,"column":50}},"213":{"start":{"line":599,"column":16},"end":{"line":599,"column":36}},"214":{"start":{"line":600,"column":16},"end":{"line":600,"column":36}},"215":{"start":{"line":601,"column":16},"end":{"line":601,"column":40}},"216":{"start":{"line":604,"column":16},"end":{"line":604,"column":44}},"217":{"start":{"line":607,"column":16},"end":{"line":607,"column":23}},"218":{"start":{"line":611,"column":16},"end":{"line":611,"column":40}},"219":{"start":{"line":618,"column":8},"end":{"line":618,"column":53}},"220":{"start":{"line":621,"column":6},"end":{"line":621,"column":27}},"221":{"start":{"line":624,"column":2},"end":{"line":624,"column":24}},"222":{"start":{"line":627,"column":15},"end":{"line":627,"column":29}},"223":{"start":{"line":628,"column":0},"end":{"line":628,"column":27}}},"fnMap":{"0":{"name":"(anonymous_0)","decl":{"start":{"line":31,"column":0},"end":{"line":31,"column":1}},"loc":{"start":{"line":31,"column":12},"end":{"line":625,"column":1}},"line":31},"1":{"name":"AdminValidator","decl":{"start":{"line":32,"column":11},"end":{"line":32,"column":25}},"loc":{"start":{"line":32,"column":28},"end":{"line":34,"column":3}},"line":32},"2":{"name":"validateCandidate","decl":{"start":{"line":38,"column":20},"end":{"line":38,"column":37}},"loc":{"start":{"line":38,"column":54},"end":{"line":50,"column":5}},"line":38},"3":{"name":"validateVote","decl":{"start":{"line":53,"column":20},"end":{"line":53,"column":32}},"loc":{"start":{"line":53,"column":49},"end":{"line":66,"column":5}},"line":53},"4":{"name":"(anonymous_4)","decl":{"start":{"line":80,"column":11},"end":{"line":80,"column":12}},"loc":{"start":{"line":80,"column":23},"end":{"line":149,"column":5}},"line":80},"5":{"name":"_callee","decl":{"start":{"line":83,"column":41},"end":{"line":83,"column":48}},"loc":{"start":{"line":83,"column":65},"end":{"line":142,"column":7}},"line":83},"6":{"name":"_callee$","decl":{"start":{"line":85,"column":50},"end":{"line":85,"column":58}},"loc":{"start":{"line":85,"column":69},"end":{"line":141,"column":9}},"line":85},"7":{"name":"checkIfOfficeExists","decl":{"start":{"line":144,"column":15},"end":{"line":144,"column":34}},"loc":{"start":{"line":144,"column":49},"end":{"line":146,"column":7}},"line":144},"8":{"name":"validateUserId","decl":{"start":{"line":163,"column":20},"end":{"line":163,"column":34}},"loc":{"start":{"line":163,"column":51},"end":{"line":174,"column":5}},"line":163},"9":{"name":"validateOfficeId","decl":{"start":{"line":188,"column":20},"end":{"line":188,"column":36}},"loc":{"start":{"line":188,"column":53},"end":{"line":200,"column":5}},"line":188},"10":{"name":"(anonymous_10)","decl":{"start":{"line":214,"column":11},"end":{"line":214,"column":12}},"loc":{"start":{"line":214,"column":23},"end":{"line":284,"column":5}},"line":214},"11":{"name":"_callee2","decl":{"start":{"line":217,"column":41},"end":{"line":217,"column":49}},"loc":{"start":{"line":217,"column":66},"end":{"line":277,"column":7}},"line":217},"12":{"name":"_callee2$","decl":{"start":{"line":219,"column":50},"end":{"line":219,"column":59}},"loc":{"start":{"line":219,"column":71},"end":{"line":276,"column":9}},"line":219},"13":{"name":"checkIfUserExists","decl":{"start":{"line":279,"column":15},"end":{"line":279,"column":32}},"loc":{"start":{"line":279,"column":48},"end":{"line":281,"column":7}},"line":279},"14":{"name":"(anonymous_14)","decl":{"start":{"line":298,"column":11},"end":{"line":298,"column":12}},"loc":{"start":{"line":298,"column":23},"end":{"line":382,"column":5}},"line":298},"15":{"name":"_callee3","decl":{"start":{"line":301,"column":41},"end":{"line":301,"column":49}},"loc":{"start":{"line":301,"column":66},"end":{"line":375,"column":7}},"line":301},"16":{"name":"_callee3$","decl":{"start":{"line":303,"column":50},"end":{"line":303,"column":59}},"loc":{"start":{"line":303,"column":71},"end":{"line":374,"column":9}},"line":303},"17":{"name":"checkIfUserHasVoted","decl":{"start":{"line":377,"column":15},"end":{"line":377,"column":34}},"loc":{"start":{"line":377,"column":50},"end":{"line":379,"column":7}},"line":377},"18":{"name":"(anonymous_18)","decl":{"start":{"line":396,"column":11},"end":{"line":396,"column":12}},"loc":{"start":{"line":396,"column":23},"end":{"line":465,"column":5}},"line":396},"19":{"name":"_callee4","decl":{"start":{"line":399,"column":41},"end":{"line":399,"column":49}},"loc":{"start":{"line":399,"column":66},"end":{"line":458,"column":7}},"line":399},"20":{"name":"_callee4$","decl":{"start":{"line":401,"column":50},"end":{"line":401,"column":59}},"loc":{"start":{"line":401,"column":71},"end":{"line":457,"column":9}},"line":401},"21":{"name":"checkIfCandidateExists","decl":{"start":{"line":460,"column":15},"end":{"line":460,"column":37}},"loc":{"start":{"line":460,"column":56},"end":{"line":462,"column":7}},"line":460},"22":{"name":"(anonymous_22)","decl":{"start":{"line":479,"column":11},"end":{"line":479,"column":12}},"loc":{"start":{"line":479,"column":23},"end":{"line":549,"column":5}},"line":479},"23":{"name":"_callee5","decl":{"start":{"line":482,"column":41},"end":{"line":482,"column":49}},"loc":{"start":{"line":482,"column":66},"end":{"line":542,"column":7}},"line":482},"24":{"name":"_callee5$","decl":{"start":{"line":485,"column":50},"end":{"line":485,"column":59}},"loc":{"start":{"line":485,"column":71},"end":{"line":541,"column":9}},"line":485},"25":{"name":"isDuplicateCandidate","decl":{"start":{"line":544,"column":15},"end":{"line":544,"column":35}},"loc":{"start":{"line":544,"column":54},"end":{"line":546,"column":7}},"line":544},"26":{"name":"(anonymous_26)","decl":{"start":{"line":552,"column":11},"end":{"line":552,"column":12}},"loc":{"start":{"line":552,"column":23},"end":{"line":622,"column":5}},"line":552},"27":{"name":"_callee6","decl":{"start":{"line":555,"column":41},"end":{"line":555,"column":49}},"loc":{"start":{"line":555,"column":66},"end":{"line":615,"column":7}},"line":555},"28":{"name":"_callee6$","decl":{"start":{"line":558,"column":50},"end":{"line":558,"column":59}},"loc":{"start":{"line":558,"column":71},"end":{"line":614,"column":9}},"line":558},"29":{"name":"isAflagBearer","decl":{"start":{"line":617,"column":15},"end":{"line":617,"column":28}},"loc":{"start":{"line":617,"column":47},"end":{"line":619,"column":7}},"line":617}},"branchMap":{"0":{"loc":{"start":{"line":42,"column":6},"end":{"line":47,"column":7}},"type":"if","locations":[{"start":{"line":42,"column":6},"end":{"line":47,"column":7}},{"start":{"line":42,"column":6},"end":{"line":47,"column":7}}],"line":42},"1":{"loc":{"start":{"line":58,"column":6},"end":{"line":63,"column":7}},"type":"if","locations":[{"start":{"line":58,"column":6},"end":{"line":63,"column":7}},{"start":{"line":58,"column":6},"end":{"line":63,"column":7}}],"line":58},"2":{"loc":{"start":{"line":87,"column":12},"end":{"line":139,"column":13}},"type":"switch","locations":[{"start":{"line":88,"column":14},"end":{"line":91,"column":53}},{"start":{"line":93,"column":14},"end":{"line":101,"column":46}},{"start":{"line":103,"column":14},"end":{"line":114,"column":20}},{"start":{"line":116,"column":14},"end":{"line":118,"column":22}},{"start":{"line":120,"column":14},"end":{"line":123,"column":49}},{"start":{"line":125,"column":14},"end":{"line":128,"column":40}},{"start":{"line":130,"column":14},"end":{"line":131,"column":43}},{"start":{"line":133,"column":14},"end":{"line":134,"column":23}},{"start":{"line":136,"column":14},"end":{"line":136,"column":22}},{"start":{"line":137,"column":14},"end":{"line":138,"column":39}}],"line":87},"3":{"loc":{"start":{"line":106,"column":16},"end":{"line":109,"column":17}},"type":"if","locations":[{"start":{"line":106,"column":16},"end":{"line":109,"column":17}},{"start":{"line":106,"column":16},"end":{"line":109,"column":17}}],"line":106},"4":{"loc":{"start":{"line":166,"column":6},"end":{"line":171,"column":7}},"type":"if","locations":[{"start":{"line":166,"column":6},"end":{"line":171,"column":7}},{"start":{"line":166,"column":6},"end":{"line":171,"column":7}}],"line":166},"5":{"loc":{"start":{"line":166,"column":10},"end":{"line":166,"column":55}},"type":"binary-expr","locations":[{"start":{"line":166,"column":10},"end":{"line":166,"column":16}},{"start":{"line":166,"column":20},"end":{"line":166,"column":55}}],"line":166},"6":{"loc":{"start":{"line":191,"column":6},"end":{"line":196,"column":7}},"type":"if","locations":[{"start":{"line":191,"column":6},"end":{"line":196,"column":7}},{"start":{"line":191,"column":6},"end":{"line":196,"column":7}}],"line":191},"7":{"loc":{"start":{"line":191,"column":10},"end":{"line":191,"column":59}},"type":"binary-expr","locations":[{"start":{"line":191,"column":10},"end":{"line":191,"column":18}},{"start":{"line":191,"column":22},"end":{"line":191,"column":59}}],"line":191},"8":{"loc":{"start":{"line":221,"column":12},"end":{"line":274,"column":13}},"type":"switch","locations":[{"start":{"line":222,"column":14},"end":{"line":225,"column":53}},{"start":{"line":227,"column":14},"end":{"line":235,"column":46}},{"start":{"line":237,"column":14},"end":{"line":248,"column":20}},{"start":{"line":250,"column":14},"end":{"line":252,"column":22}},{"start":{"line":254,"column":14},"end":{"line":257,"column":50}},{"start":{"line":259,"column":14},"end":{"line":262,"column":40}},{"start":{"line":264,"column":14},"end":{"line":265,"column":44}},{"start":{"line":267,"column":14},"end":{"line":269,"column":23}},{"start":{"line":271,"column":14},"end":{"line":271,"column":22}},{"start":{"line":272,"column":14},"end":{"line":273,"column":40}}],"line":221},"9":{"loc":{"start":{"line":240,"column":16},"end":{"line":243,"column":17}},"type":"if","locations":[{"start":{"line":240,"column":16},"end":{"line":243,"column":17}},{"start":{"line":240,"column":16},"end":{"line":243,"column":17}}],"line":240},"10":{"loc":{"start":{"line":305,"column":12},"end":{"line":372,"column":13}},"type":"switch","locations":[{"start":{"line":306,"column":14},"end":{"line":309,"column":53}},{"start":{"line":311,"column":14},"end":{"line":325,"column":20}},{"start":{"line":327,"column":14},"end":{"line":333,"column":46}},{"start":{"line":335,"column":14},"end":{"line":346,"column":20}},{"start":{"line":348,"column":14},"end":{"line":350,"column":22}},{"start":{"line":352,"column":14},"end":{"line":355,"column":50}},{"start":{"line":357,"column":14},"end":{"line":360,"column":40}},{"start":{"line":362,"column":14},"end":{"line":363,"column":44}},{"start":{"line":365,"column":14},"end":{"line":367,"column":23}},{"start":{"line":369,"column":14},"end":{"line":369,"column":22}},{"start":{"line":370,"column":14},"end":{"line":371,"column":40}}],"line":305},"11":{"loc":{"start":{"line":317,"column":16},"end":{"line":320,"column":17}},"type":"if","locations":[{"start":{"line":317,"column":16},"end":{"line":320,"column":17}},{"start":{"line":317,"column":16},"end":{"line":320,"column":17}}],"line":317},"12":{"loc":{"start":{"line":338,"column":16},"end":{"line":341,"column":17}},"type":"if","locations":[{"start":{"line":338,"column":16},"end":{"line":341,"column":17}},{"start":{"line":338,"column":16},"end":{"line":341,"column":17}}],"line":338},"13":{"loc":{"start":{"line":403,"column":12},"end":{"line":455,"column":13}},"type":"switch","locations":[{"start":{"line":404,"column":14},"end":{"line":407,"column":53}},{"start":{"line":409,"column":14},"end":{"line":417,"column":46}},{"start":{"line":419,"column":14},"end":{"line":430,"column":20}},{"start":{"line":432,"column":14},"end":{"line":434,"column":22}},{"start":{"line":436,"column":14},"end":{"line":439,"column":50}},{"start":{"line":441,"column":14},"end":{"line":444,"column":40}},{"start":{"line":446,"column":14},"end":{"line":447,"column":44}},{"start":{"line":449,"column":14},"end":{"line":450,"column":23}},{"start":{"line":452,"column":14},"end":{"line":452,"column":22}},{"start":{"line":453,"column":14},"end":{"line":454,"column":40}}],"line":403},"14":{"loc":{"start":{"line":422,"column":16},"end":{"line":425,"column":17}},"type":"if","locations":[{"start":{"line":422,"column":16},"end":{"line":425,"column":17}},{"start":{"line":422,"column":16},"end":{"line":425,"column":17}}],"line":422},"15":{"loc":{"start":{"line":487,"column":12},"end":{"line":539,"column":13}},"type":"switch","locations":[{"start":{"line":488,"column":14},"end":{"line":491,"column":53}},{"start":{"line":493,"column":14},"end":{"line":501,"column":46}},{"start":{"line":503,"column":14},"end":{"line":514,"column":20}},{"start":{"line":516,"column":14},"end":{"line":518,"column":22}},{"start":{"line":520,"column":14},"end":{"line":523,"column":35}},{"start":{"line":525,"column":14},"end":{"line":528,"column":40}},{"start":{"line":530,"column":14},"end":{"line":531,"column":44}},{"start":{"line":533,"column":14},"end":{"line":534,"column":23}},{"start":{"line":536,"column":14},"end":{"line":536,"column":22}},{"start":{"line":537,"column":14},"end":{"line":538,"column":40}}],"line":487},"16":{"loc":{"start":{"line":506,"column":16},"end":{"line":509,"column":17}},"type":"if","locations":[{"start":{"line":506,"column":16},"end":{"line":509,"column":17}},{"start":{"line":506,"column":16},"end":{"line":509,"column":17}}],"line":506},"17":{"loc":{"start":{"line":560,"column":12},"end":{"line":612,"column":13}},"type":"switch","locations":[{"start":{"line":561,"column":14},"end":{"line":564,"column":53}},{"start":{"line":566,"column":14},"end":{"line":574,"column":46}},{"start":{"line":576,"column":14},"end":{"line":587,"column":20}},{"start":{"line":589,"column":14},"end":{"line":591,"column":22}},{"start":{"line":593,"column":14},"end":{"line":596,"column":50}},{"start":{"line":598,"column":14},"end":{"line":601,"column":40}},{"start":{"line":603,"column":14},"end":{"line":604,"column":44}},{"start":{"line":606,"column":14},"end":{"line":607,"column":23}},{"start":{"line":609,"column":14},"end":{"line":609,"column":22}},{"start":{"line":610,"column":14},"end":{"line":611,"column":40}}],"line":560},"18":{"loc":{"start":{"line":579,"column":16},"end":{"line":582,"column":17}},"type":"if","locations":[{"start":{"line":579,"column":16},"end":{"line":582,"column":17}},{"start":{"line":579,"column":16},"end":{"line":582,"column":17}}],"line":579}},"s":{"0":1,"1":1,"2":1,"3":1,"4":1,"5":1,"6":1,"7":1,"8":1,"9":1,"10":1,"11":0,"12":1,"13":7,"14":7,"15":7,"16":2,"17":5,"18":7,"19":7,"20":7,"21":7,"22":4,"23":3,"24":1,"25":8,"26":41,"27":55,"28":8,"29":8,"30":8,"31":8,"32":8,"33":8,"34":8,"35":8,"36":8,"37":8,"38":7,"39":7,"40":1,"41":7,"42":7,"43":0,"44":0,"45":0,"46":8,"47":8,"48":8,"49":8,"50":7,"51":8,"52":8,"53":1,"54":4,"55":4,"56":1,"57":3,"58":1,"59":1,"60":0,"61":1,"62":1,"63":1,"64":3,"65":16,"66":20,"67":3,"68":3,"69":3,"70":3,"71":3,"72":3,"73":3,"74":3,"75":3,"76":3,"77":2,"78":2,"79":1,"80":2,"81":2,"82":0,"83":0,"84":0,"85":3,"86":3,"87":3,"88":3,"89":2,"90":2,"91":3,"92":3,"93":1,"94":1,"95":2,"96":11,"97":15,"98":2,"99":2,"100":2,"101":2,"102":2,"103":2,"104":2,"105":2,"106":2,"107":2,"108":0,"109":2,"110":2,"111":2,"112":2,"113":2,"114":1,"115":1,"116":1,"117":1,"118":1,"119":0,"120":0,"121":0,"122":2,"123":2,"124":2,"125":2,"126":1,"127":1,"128":2,"129":2,"130":1,"131":1,"132":3,"133":16,"134":20,"135":3,"136":3,"137":3,"138":3,"139":3,"140":3,"141":3,"142":3,"143":3,"144":3,"145":2,"146":2,"147":1,"148":2,"149":2,"150":0,"151":0,"152":0,"153":3,"154":3,"155":3,"156":3,"157":2,"158":3,"159":3,"160":1,"161":1,"162":0,"163":0,"164":0,"165":0,"166":0,"167":0,"168":0,"169":0,"170":0,"171":0,"172":0,"173":0,"174":0,"175":0,"176":0,"177":0,"178":0,"179":0,"180":0,"181":0,"182":0,"183":0,"184":0,"185":0,"186":0,"187":0,"188":0,"189":0,"190":1,"191":1,"192":0,"193":0,"194":0,"195":0,"196":0,"197":0,"198":0,"199":0,"200":0,"201":0,"202":0,"203":0,"204":0,"205":0,"206":0,"207":0,"208":0,"209":0,"210":0,"211":0,"212":0,"213":0,"214":0,"215":0,"216":0,"217":0,"218":0,"219":0,"220":1,"221":1,"222":1,"223":1},"f":{"0":1,"1":0,"2":7,"3":7,"4":1,"5":8,"6":41,"7":8,"8":4,"9":1,"10":1,"11":3,"12":16,"13":3,"14":1,"15":2,"16":11,"17":2,"18":1,"19":3,"20":16,"21":3,"22":1,"23":0,"24":0,"25":0,"26":1,"27":0,"28":0,"29":0},"b":{"0":[2,5],"1":[4,3],"2":[8,8,8,7,0,8,8,7,7,8],"3":[7,1],"4":[1,3],"5":[4,4],"6":[0,1],"7":[1,1],"8":[3,3,3,2,0,3,3,2,2,3],"9":[2,1],"10":[2,2,2,2,1,0,2,2,1,1,2],"11":[2,0],"12":[1,1],"13":[3,3,3,2,0,3,3,2,2,3],"14":[2,1],"15":[0,0,0,0,0,0,0,0,0,0],"16":[0,0],"17":[0,0,0,0,0,0,0,0,0,0],"18":[0,0]},"_coverageSchema":"43e27e138ebf9cfc5966b082cf9a028302ed4184","hash":"f1332f4c99f8bc622d5a9f5491cb9ff228e55a68","contentHash":"615df98b8051293237d88b2b6cb4e51f"}}